# JRE version: OpenJDK Runtime Environment AdoptOpenJDK (11.0.9+11) (build 11.0.9+11)
# Java VM: OpenJDK 64-Bit Server VM AdoptOpenJDK (11.0.9+11, mixed mode, tiered, compressed oops, g1 gc, windows-amd64)
Heap:
 garbage-first heap   total 262144K, used 95099K [0x0000000700000000, 0x0000000800000000)
  region size 1024K, 83 young (84992K), 9 survivors (9216K)
 Metaspace       used 40239K, capacity 41324K, committed 41344K, reserved 1085440K
  class space    used 4537K, capacity 4976K, committed 4992K, reserved 1048576K
GC Heap History (16 events):
Event: 1.796 GC heap before
{Heap before GC invocations=0 (full 0):
 garbage-first heap   total 262144K, used 14336K [0x0000000700000000, 0x0000000800000000)
  region size 1024K, 12 young (12288K), 0 survivors (0K)
 Metaspace       used 5097K, capacity 5192K, committed 5376K, reserved 1056768K
  class space    used 456K, capacity 496K, committed 512K, reserved 1048576K
}
Event: 1.878 GC heap after
{Heap after GC invocations=1 (full 0):
 garbage-first heap   total 262144K, used 7755K [0x0000000700000000, 0x0000000800000000)
  region size 1024K, 2 young (2048K), 2 survivors (2048K)
 Metaspace       used 5097K, capacity 5192K, committed 5376K, reserved 1056768K
  class space    used 456K, capacity 496K, committed 512K, reserved 1048576K
}
Event: 3.873 GC heap before
{Heap before GC invocations=1 (full 0):
 garbage-first heap   total 262144K, used 16971K [0x0000000700000000, 0x0000000800000000)
  region size 1024K, 12 young (12288K), 2 survivors (2048K)
 Metaspace       used 11429K, capacity 11594K, committed 11776K, reserved 1060864K
  class space    used 1088K, capacity 1167K, committed 1280K, reserved 1048576K
}
Event: 3.877 GC heap after
{Heap after GC invocations=2 (full 0):
 garbage-first heap   total 262144K, used 9336K [0x0000000700000000, 0x0000000800000000)
  region size 1024K, 2 young (2048K), 2 survivors (2048K)
 Metaspace       used 11429K, capacity 11594K, committed 11776K, reserved 1060864K
  class space    used 1088K, capacity 1167K, committed 1280K, reserved 1048576K
}
Event: 5.522 GC heap before
{Heap before GC invocations=2 (full 0):
 garbage-first heap   total 262144K, used 47224K [0x0000000700000000, 0x0000000800000000)
  region size 1024K, 39 young (39936K), 2 survivors (2048K)
 Metaspace       used 14883K, capacity 15274K, committed 15488K, reserved 1062912K
  class space    used 1468K, capacity 1624K, committed 1664K, reserved 1048576K
}
Event: 5.531 GC heap after
{Heap after GC invocations=3 (full 0):
 garbage-first heap   total 262144K, used 12193K [0x0000000700000000, 0x0000000800000000)
  region size 1024K, 5 young (5120K), 5 survivors (5120K)
 Metaspace       used 14883K, capacity 15274K, committed 15488K, reserved 1062912K
  class space    used 1468K, capacity 1624K, committed 1664K, reserved 1048576K
}
Event: 8.353 GC heap before
{Heap before GC invocations=3 (full 0):
 garbage-first heap   total 262144K, used 37793K [0x0000000700000000, 0x0000000800000000)
  region size 1024K, 31 young (31744K), 5 survivors (5120K)
 Metaspace       used 20611K, capacity 21210K, committed 21296K, reserved 1069056K
  class space    used 2199K, capacity 2474K, committed 2560K, reserved 1048576K
}
Event: 8.363 GC heap after
{Heap after GC invocations=4 (full 0):
 garbage-first heap   total 262144K, used 14308K [0x0000000700000000, 0x0000000800000000)
  region size 1024K, 5 young (5120K), 5 survivors (5120K)
 Metaspace       used 20611K, capacity 21210K, committed 21296K, reserved 1069056K
  class space    used 2199K, capacity 2474K, committed 2560K, reserved 1048576K
}
Event: 10.693 GC heap before
{Heap before GC invocations=5 (full 0):
 garbage-first heap   total 262144K, used 54244K [0x0000000700000000, 0x0000000800000000)
  region size 1024K, 44 young (45056K), 5 survivors (5120K)
 Metaspace       used 20932K, capacity 21542K, committed 21808K, reserved 1069056K
  class space    used 2235K, capacity 2497K, committed 2560K, reserved 1048576K
}
Event: 10.702 GC heap after
{Heap after GC invocations=6 (full 0):
 garbage-first heap   total 262144K, used 14638K [0x0000000700000000, 0x0000000800000000)
  region size 1024K, 3 young (3072K), 3 survivors (3072K)
 Metaspace       used 20932K, capacity 21542K, committed 21808K, reserved 1069056K
  class space    used 2235K, capacity 2497K, committed 2560K, reserved 1048576K
}
Event: 12.556 GC heap before
{Heap before GC invocations=6 (full 0):
 garbage-first heap   total 262144K, used 62766K [0x0000000700000000, 0x0000000800000000)
  region size 1024K, 50 young (51200K), 3 survivors (3072K)
 Metaspace       used 21041K, capacity 21625K, committed 21808K, reserved 1069056K
  class space    used 2235K, capacity 2497K, committed 2560K, reserved 1048576K
}
Event: 12.561 GC heap after
{Heap after GC invocations=7 (full 0):
 garbage-first heap   total 262144K, used 14464K [0x0000000700000000, 0x0000000800000000)
  region size 1024K, 3 young (3072K), 3 survivors (3072K)
 Metaspace       used 21041K, capacity 21625K, committed 21808K, reserved 1069056K
  class space    used 2235K, capacity 2497K, committed 2560K, reserved 1048576K
}
Event: 16.385 GC heap before
{Heap before GC invocations=7 (full 0):
 garbage-first heap   total 262144K, used 140416K [0x0000000700000000, 0x0000000800000000)
  region size 1024K, 126 young (129024K), 3 survivors (3072K)
 Metaspace       used 26843K, capacity 27646K, committed 27904K, reserved 1073152K
  class space    used 2930K, capacity 3278K, committed 3328K, reserved 1048576K
}
Event: 16.398 GC heap after
{Heap after GC invocations=8 (full 0):
 garbage-first heap   total 262144K, used 18526K [0x0000000700000000, 0x0000000800000000)
  region size 1024K, 7 young (7168K), 7 survivors (7168K)
 Metaspace       used 26843K, capacity 27646K, committed 27904K, reserved 1073152K
  class space    used 2930K, capacity 3278K, committed 3328K, reserved 1048576K
}
Event: 49.242 GC heap before
{Heap before GC invocations=8 (full 0):
 garbage-first heap   total 262144K, used 53342K [0x0000000700000000, 0x0000000800000000)
  region size 1024K, 42 young (43008K), 7 survivors (7168K)
 Metaspace       used 34738K, capacity 35804K, committed 35840K, reserved 1081344K
  class space    used 3927K, capacity 4347K, committed 4352K, reserved 1048576K
}
Event: 49.256 GC heap after
{Heap after GC invocations=9 (full 0):
 garbage-first heap   total 262144K, used 21371K [0x0000000700000000, 0x0000000800000000)
  region size 1024K, 9 young (9216K), 9 survivors (9216K)
 Metaspace       used 34738K, capacity 35804K, committed 35840K, reserved 1081344K
  class space    used 3927K, capacity 4347K, committed 4352K, reserved 1048576K
}

