<?xml version="1.0" encoding="UTF-8"?>
<!-- Generated by org.testng.reporters.JUnitXMLReporter -->
<testsuite ignored="0" hostname="LPT-0919" failures="1" tests="3" name="Test" time="65.414" errors="0" timestamp="05 May 2021 04:48:57 GMT">
  <testcase classname="com.ae.qa.testcases.SystemSettingsPageTest" name="validateServerUrlTest" time="17.678"/>
  <testcase classname="com.ae.qa.testcases.SystemSettingsPageTest" name="validateEditCleanUpRequest" time="14.666"/>
  <testcase classname="com.ae.qa.testcases.SystemSettingsPageTest" name="ValidateDRServerUrlTest" time="17.531">
    <failure type="java.lang.AssertionError" message="expected [true] but found [false]">
      <![CDATA[java.lang.AssertionError: expected [true] but found [false]
at com.ae.qa.pages.SystemSettingsPage.ValidateDRServerUrl(SystemSettingsPage.java:208)
at com.ae.qa.testcases.SystemSettingsPageTest.ValidateDRServerUrlTest(SystemSettingsPageTest.java:36)
... Removed 32 stack frames]]>
    </failure>
  </testcase> <!-- ValidateDRServerUrlTest -->
</testsuite> <!-- Test -->
