<?xml version="1.0" encoding="UTF-8"?>
<testng-results ignored="55" total="170" passed="104" failed="5" skipped="6">
  <reporter-output>
    <line>
      <![CDATA[User log in Successfully]]>
    </line>
    <line>
      <![CDATA[started creating new Tenant]]>
    </line>
    <line>
      <![CDATA[User is created successfully]]>
    </line>
    <line>
      <![CDATA[Activity Monitor created successfully]]>
    </line>
    <line>
      <![CDATA[User signed out successfully]]>
    </line>
    <line>
      <![CDATA[User changed first time password of User Successfully]]>
    </line>
    <line>
      <![CDATA[User log in Successfully]]>
    </line>
    <line>
      <![CDATA[Last login time displayed successfully]]>
    </line>
    <line>
      <![CDATA[User signed out successfully]]>
    </line>
    <line>
      <![CDATA[User logged in successfully]]>
    </line>
    <line>
      <![CDATA[Profile details validation successfully.]]>
    </line>
    <line>
      <![CDATA[User signed out successfully]]>
    </line>
    <line>
      <![CDATA[User log in successfully]]>
    </line>
    <line>
      <![CDATA[User signed out successfully]]>
    </line>
    <line>
      <![CDATA[User log in Successfully]]>
    </line>
    <line>
      <![CDATA[started creating new Tenant]]>
    </line>
    <line>
      <![CDATA[User is created successfully]]>
    </line>
    <line>
      <![CDATA[Agent Admin created successfully]]>
    </line>
    <line>
      <![CDATA[User signed out successfully]]>
    </line>
    <line>
      <![CDATA[User changed first time password of User Successfully]]>
    </line>
    <line>
      <![CDATA[User log in Successfully]]>
    </line>
    <line>
      <![CDATA[Last login time displayed successfully]]>
    </line>
    <line>
      <![CDATA[User signed out successfully]]>
    </line>
    <line>
      <![CDATA[User logged in successfully]]>
    </line>
    <line>
      <![CDATA[Profile details validation successfully.]]>
    </line>
    <line>
      <![CDATA[User signed out successfully]]>
    </line>
    <line>
      <![CDATA[User log in successfully]]>
    </line>
    <line>
      <![CDATA[User signed out successfully]]>
    </line>
    <line>
      <![CDATA[User changed first time password of User Successfully]]>
    </line>
    <line>
      <![CDATA[User log in Successfully]]>
    </line>
    <line>
      <![CDATA[Last login time displayed successfully]]>
    </line>
    <line>
      <![CDATA[User signed out successfully]]>
    </line>
    <line>
      <![CDATA[User logged in successfully]]>
    </line>
    <line>
      <![CDATA[Profile details validation successfully.]]>
    </line>
    <line>
      <![CDATA[User signed out successfully]]>
    </line>
    <line>
      <![CDATA[User log in successfully]]>
    </line>
    <line>
      <![CDATA[User signed out successfully]]>
    </line>
    <line>
      <![CDATA[User changed first time password of User Successfully]]>
    </line>
    <line>
      <![CDATA[User log in Successfully]]>
    </line>
    <line>
      <![CDATA[Last login time displayed successfully]]>
    </line>
    <line>
      <![CDATA[User signed out successfully]]>
    </line>
    <line>
      <![CDATA[User logged in successfully]]>
    </line>
    <line>
      <![CDATA[Profile details validation successfully.]]>
    </line>
    <line>
      <![CDATA[User signed out successfully]]>
    </line>
    <line>
      <![CDATA[User log in successfully]]>
    </line>
    <line>
      <![CDATA[User signed out successfully]]>
    </line>
    <line>
      <![CDATA[User changed first time password of User Successfully]]>
    </line>
    <line>
      <![CDATA[User log in Successfully]]>
    </line>
    <line>
      <![CDATA[Last login time displayed successfully]]>
    </line>
    <line>
      <![CDATA[User signed out successfully]]>
    </line>
    <line>
      <![CDATA[User logged in successfully]]>
    </line>
    <line>
      <![CDATA[Profile details validation successfully.]]>
    </line>
    <line>
      <![CDATA[User signed out successfully]]>
    </line>
    <line>
      <![CDATA[User log in successfully]]>
    </line>
    <line>
      <![CDATA[User signed out successfully]]>
    </line>
    <line>
      <![CDATA[User logged in successfully]]>
    </line>
    <line>
      <![CDATA[Requests Tab is clicked]]>
    </line>
    <line>
      <![CDATA[All Column got displayed in records after Checking select All checkbox.]]>
    </line>
    <line>
      <![CDATA[User signed out successfully]]>
    </line>
    <line>
      <![CDATA[User logged in successfully]]>
    </line>
    <line>
      <![CDATA[Requests Tab is clicked]]>
    </line>
    <line>
      <![CDATA[Select All Checkbox is not already selected, Hence selected twice to deselect it.]]>
    </line>
    <line>
      <![CDATA[Selected count of No. of colums 3]]>
    </line>
    <line>
      <![CDATA[Total No of columns in table: 3]]>
    </line>
    <line>
      <![CDATA[Field of Columns: Id]]>
    </line>
    <line>
      <![CDATA[Field of Columns: Workflow Name]]>
    </line>
    <line>
      <![CDATA[Field of Columns: Status]]>
    </line>
    <line>
      <![CDATA[Column Value found]]>
    </line>
    <line>
      <![CDATA[All Options got deselected except Id,Workflow Name,Status.]]>
    </line>
    <line>
      <![CDATA[User signed out successfully]]>
    </line>
    <line>
      <![CDATA[User logged in successfully]]>
    </line>
    <line>
      <![CDATA[Requests Tab is clicked]]>
    </line>
    <line>
      <![CDATA[Select All Checkbox is not already selected, Hence selected twice to deselect it.]]>
    </line>
    <line>
      <![CDATA[Field of Columns: Id]]>
    </line>
    <line>
      <![CDATA[Field of Columns: Workflow Name]]>
    </line>
    <line>
      <![CDATA[Field of Columns: Priority]]>
    </line>
    <line>
      <![CDATA[Field of Columns: Status]]>
    </line>
    <line>
      <![CDATA[Field of Columns: Completed]]>
    </line>
    <line>
      <![CDATA[Column Value found]]>
    </line>
    <line>
      <![CDATA[All columns selected found in table.]]>
    </line>
    <line>
      <![CDATA[User signed out successfully]]>
    </line>
    <line>
      <![CDATA[User logged in successfully]]>
    </line>
    <line>
      <![CDATA[Requests Tab is clicked]]>
    </line>
    <line>
      <![CDATA[Download button is clicked & request download started]]>
    </line>
    <line>
      <![CDATA[User signed out successfully]]>
    </line>
    <line>
      <![CDATA[User logged in successfully]]>
    </line>
    <line>
      <![CDATA[Requests Tab is clicked]]>
    </line>
    <line>
      <![CDATA[Workflow status is neither completed nor Failure, but other than that: Terminated]]>
    </line>
    <line>
      <![CDATA[User logged in successfully]]>
    </line>
    <line>
      <![CDATA[Reports Tab is clicked]]>
    </line>
    <line>
      <![CDATA[New Dashboard button is clicked]]>
    </line>
    <line>
      <![CDATA[Dashboard level is already selcted]]>
    </line>
    <line>
      <![CDATA[Dashboard duration None selected]]>
    </line>
    <line>
      <![CDATA[Actual Success Msg:Dashboard created successfully]]>
    </line>
    <line>
      <![CDATA[Expected Success Msg:Dashboard created successfully]]>
    </line>
    <line>
      <![CDATA[Dashboard at None level created successfully]]>
    </line>
    <line>
      <![CDATA[User signed out successfully]]>
    </line>
    <line>
      <![CDATA[User logged in successfully]]>
    </line>
    <line>
      <![CDATA[Reports Tab is clicked]]>
    </line>
    <line>
      <![CDATA[Dashboard chosed successfully]]>
    </line>
    <line>
      <![CDATA[Add report is clicked]]>
    </line>
    <line>
      <![CDATA[Report Type selected successfully]]>
    </line>
    <line>
      <![CDATA[Generate on Worklfows radio button already selected]]>
    </line>
    <line>
      <![CDATA[one workflow is selected]]>
    </line>
    <line>
      <![CDATA[Second workflow is selected]]>
    </line>
    <line>
      <![CDATA[Generate button selected successfully]]>
    </line>
    <line>
      <![CDATA[Report added as a chart]]>
    </line>
    <line>
      <![CDATA[Report saved on screen]]>
    </line>
    <line>
      <![CDATA[Report Workflow Execution Summary KG displayed on screen successfully]]>
    </line>
    <line>
      <![CDATA[User signed out successfully]]>
    </line>
    <line>
      <![CDATA[User logged in successfully]]>
    </line>
    <line>
      <![CDATA[Reports Tab is clicked]]>
    </line>
    <line>
      <![CDATA[New Dashboard button is clicked]]>
    </line>
    <line>
      <![CDATA[Dashboard level is already selcted]]>
    </line>
    <line>
      <![CDATA[Dashboard duration Relative selected]]>
    </line>
    <line>
      <![CDATA[Create Button clicked successfully]]>
    </line>
    <line>
      <![CDATA[Actual Success Msg:Dashboard created successfully]]>
    </line>
    <line>
      <![CDATA[Expected Success Msg:Dashboard created successfully]]>
    </line>
    <line>
      <![CDATA[Dashboard at None level created successfully]]>
    </line>
    <line>
      <![CDATA[User signed out successfully]]>
    </line>
    <line>
      <![CDATA[User logged in successfully]]>
    </line>
    <line>
      <![CDATA[Reports Tab is clicked]]>
    </line>
    <line>
      <![CDATA[Dashboard chosed successfully]]>
    </line>
    <line>
      <![CDATA[Edit report is clicked]]>
    </line>
    <line>
      <![CDATA[Dashboard duration Custom selected]]>
    </line>
    <line>
      <![CDATA[Update Button clicked successfully]]>
    </line>
    <line>
      <![CDATA[Actual Success Msg:Dashboard Saved Successfully]]>
    </line>
    <line>
      <![CDATA[Expected Success Msg:Dashboard Saved Successfully]]>
    </line>
    <line>
      <![CDATA[Dashboard at Custom level updated successfully]]>
    </line>
    <line>
      <![CDATA[User signed out successfully]]>
    </line>
    <line>
      <![CDATA[User logged in successfully]]>
    </line>
    <line>
      <![CDATA[Reports Tab is clicked]]>
    </line>
    <line>
      <![CDATA[Dashboard chosed successfully]]>
    </line>
    <line>
      <![CDATA[Set as Default option clicked]]>
    </line>
    <line>
      <![CDATA[Report set as a default successfully]]>
    </line>
    <line>
      <![CDATA[User signed out successfully]]>
    </line>
    <line>
      <![CDATA[User logged in successfully]]>
    </line>
    <line>
      <![CDATA[Reports Tab is clicked]]>
    </line>
    <line>
      <![CDATA[New Dashboard button is clicked]]>
    </line>
    <line>
      <![CDATA[Dashboard level is already selcted]]>
    </line>
    <line>
      <![CDATA[Dashboard duration Today selected]]>
    </line>
    <line>
      <![CDATA[Actual Success Msg:Dashboard created successfully]]>
    </line>
    <line>
      <![CDATA[Expected Success Msg:Dashboard created successfully]]>
    </line>
    <line>
      <![CDATA[Dashboard at None level created successfully]]>
    </line>
    <line>
      <![CDATA[User signed out successfully]]>
    </line>
    <line>
      <![CDATA[User log in Successfully]]>
    </line>
    <line>
      <![CDATA[Plugins Tab is selected]]>
    </line>
    <line>
      <![CDATA[Advanced Search is Clicked]]>
    </line>
    <line>
      <![CDATA[OOTB-Plugin Plugin is searched]]>
    </line>
    <line>
      <![CDATA[Plugin step button is clicked]]>
    </line>
    <line>
      <![CDATA[Plugin Step is displayed]]>
    </line>
    <line>
      <![CDATA[User log in Successfully]]>
    </line>
    <line>
      <![CDATA[Plugins Tab is selected]]>
    </line>
    <line>
      <![CDATA[Advanced Search is Clicked]]>
    </line>
    <line>
      <![CDATA[OOTB-Plugin Plugin is searched]]>
    </line>
    <line>
      <![CDATA[Plugin Utlization button is clicked]]>
    </line>
    <line>
      <![CDATA[Plugin Native Utilization is displayed]]>
    </line>
    <line>
      <![CDATA[User log in Successfully]]>
    </line>
    <line>
      <![CDATA[started creating new User Admin]]>
    </line>
    <line>
      <![CDATA[User Admin is created successfully]]>
    </line>
    <line>
      <![CDATA[User Admin created successfully]]>
    </line>
    <line>
      <![CDATA[User signed out successfully]]>
    </line>
    <line>
      <![CDATA[User changed first time password of User Successfully]]>
    </line>
    <line>
      <![CDATA[User admin without Email ID is created successfully]]>
    </line>
    <line>
      <![CDATA[User signed out successfully]]>
    </line>
    <line>
      <![CDATA[User log in Successfully]]>
    </line>
    <line>
      <![CDATA[started creating new Tenant User]]>
    </line>
    <line>
      <![CDATA[Tenant User is created successfully]]>
    </line>
    <line>
      <![CDATA[Tenant User created successfully]]>
    </line>
    <line>
      <![CDATA[User signed out successfully]]>
    </line>
    <line>
      <![CDATA[User changed first time password of User Successfully]]>
    </line>
    <line>
      <![CDATA[Tenant User with Email ID is created successfully]]>
    </line>
    <line>
      <![CDATA[User signed out successfully]]>
    </line>
    <line>
      <![CDATA[User Admin signed in successfully]]>
    </line>
    <line>
      <![CDATA[Users tab is clicked]]>
    </line>
    <line>
      <![CDATA[Tenant Users tab is clicked]]>
    </line>
    <line>
      <![CDATA[Save Button is clicked]]>
    </line>
    <line>
      <![CDATA[Tenant User details got edited.]]>
    </line>
    <line>
      <![CDATA[User signed out successfully]]>
    </line>
    <line>
      <![CDATA[User admin role is changed to Tenant user role successfully]]>
    </line>
    <line>
      <![CDATA[User signed out successfully]]>
    </line>
    <line>
      <![CDATA[Tenant Admin signed in successfully]]>
    </line>
    <line>
      <![CDATA[Users tab is clicked]]>
    </line>
    <line>
      <![CDATA[Tenant Users tab is clicked]]>
    </line>
    <line>
      <![CDATA[Dropdown Selector button is selected]]>
    </line>
    <line>
      <![CDATA[Native Users is Selected]]>
    </line>
    <line>
      <![CDATA[Bulk User file is uploaded]]>
    </line>
    <line>
      <![CDATA[Pune]]>
    </line>
    <line>
      <![CDATA[Nashik]]>
    </line>
    <line>
      <![CDATA[Bulk User file is uploaded]]>
    </line>
    <line>
      <![CDATA[Users tab is clicked]]>
    </line>
    <line>
      <![CDATA[User signed out successfully]]>
    </line>
    <line>
      <![CDATA[User changed first time password of User Successfully]]>
    </line>
    <line>
      <![CDATA[User signed out successfully]]>
    </line>
    <line>
      <![CDATA[User logged in successfully]]>
    </line>
    <line>
      <![CDATA[started creating new User Group]]>
    </line>
    <line>
      <![CDATA[Actual Username:User group created successfully]]>
    </line>
    <line>
      <![CDATA[Expected Username:User group created successfully]]>
    </line>
    <line>
      <![CDATA[New user group is created]]>
    </line>
    <line>
      <![CDATA[User signed out successfully]]>
    </line>
    <line>
      <![CDATA[User logged in successfully]]>
    </line>
    <line>
      <![CDATA[Edit button is clicked]]>
    </line>
    <line>
      <![CDATA[Description of user group updated]]>
    </line>
    <line>
      <![CDATA[Actual Username:Changes saved to user group]]>
    </line>
    <line>
      <![CDATA[Expected Username:Changes saved to user group]]>
    </line>
    <line>
      <![CDATA[User group got edited successfully]]>
    </line>
    <line>
      <![CDATA[User signed out successfully]]>
    </line>
    <line>
      <![CDATA[User logged in successfully]]>
    </line>
    <line>
      <![CDATA[Users Tab clicked]]>
    </line>
    <line>
      <![CDATA[UsersGroup Tab clicked]]>
    </line>
    <line>
      <![CDATA[Show Member button is clicked]]>
    </line>
    <line>
      <![CDATA[assigning user1]]>
    </line>
    <line>
      <![CDATA[Actual Username:User(s) added to the group successfully]]>
    </line>
    <line>
      <![CDATA[Expected Username:User(s) added to the group successfully]]>
    </line>
    <line>
      <![CDATA[User1 assigned and validated]]>
    </line>
    <line>
      <![CDATA[User signed out successfully]]>
    </line>
    <line>
      <![CDATA[User logged in successfully]]>
    </line>
    <line>
      <![CDATA[Users tab clicked]]>
    </line>
    <line>
      <![CDATA[Users group tab clicked]]>
    </line>
    <line>
      <![CDATA[Show Member button is clicked]]>
    </line>
    <line>
      <![CDATA[Removing user1]]>
    </line>
    <line>
      <![CDATA[Actual Username:User(s) removed from the group successfully]]>
    </line>
    <line>
      <![CDATA[Expected Username:User(s) removed from the group successfully]]>
    </line>
    <line>
      <![CDATA[User1 removed]]>
    </line>
    <line>
      <![CDATA[User signed out successfully]]>
    </line>
    <line>
      <![CDATA[User logged in successfully]]>
    </line>
    <line>
      <![CDATA[Users Tab clicked]]>
    </line>
    <line>
      <![CDATA[UsersGroup Tab clicked]]>
    </line>
    <line>
      <![CDATA[Show Member button is clicked]]>
    </line>
    <line>
      <![CDATA[assigning user1]]>
    </line>
    <line>
      <![CDATA[Actual Username:User(s) added to the group successfully]]>
    </line>
    <line>
      <![CDATA[Expected Username:User(s) added to the group successfully]]>
    </line>
    <line>
      <![CDATA[User1 assigned and validated]]>
    </line>
    <line>
      <![CDATA[Validation of no.of users]]>
    </line>
    <line>
      <![CDATA[Multiple user added to the group]]>
    </line>
    <line>
      <![CDATA[User signed out successfully]]>
    </line>
    <line>
      <![CDATA[User log in Successfully]]>
    </line>
    <line>
      <![CDATA[Plugins Tab is selected]]>
    </line>
    <line>
      <![CDATA[Advanced Search is Clicked]]>
    </line>
    <line>
      <![CDATA[OOTB-Plugin Plugin is searched]]>
    </line>
    <line>
      <![CDATA[Plugin step button is clicked]]>
    </line>
    <line>
      <![CDATA[Plugin Step is displayed]]>
    </line>
    <line>
      <![CDATA[User log in Successfully]]>
    </line>
    <line>
      <![CDATA[Plugins Tab is selected]]>
    </line>
    <line>
      <![CDATA[Advanced Search is Clicked]]>
    </line>
    <line>
      <![CDATA[OOTB-Plugin Plugin is searched]]>
    </line>
    <line>
      <![CDATA[Plugin Utlization button is clicked]]>
    </line>
    <line>
      <![CDATA[Plugin Native Utilization is displayed]]>
    </line>
    <line>
      <![CDATA[User LogIn Succesfully]]>
    </line>
    <line>
      <![CDATA[Categories tab clicked]]>
    </line>
    <line>
      <![CDATA[Category name is entered which is only mandatory field]]>
    </line>
    <line>
      <![CDATA[Actual Category created message is :Workflow category created successfully]]>
    </line>
    <line>
      <![CDATA[Expected Category created message is :Workflow category created successfully]]>
    </line>
    <line>
      <![CDATA[Category created succesfully]]>
    </line>
    <line>
      <![CDATA[User signed out successfully]]>
    </line>
    <line>
      <![CDATA[User LogIn Succesfully]]>
    </line>
    <line>
      <![CDATA[Categories tab clicked]]>
    </line>
    <line>
      <![CDATA[Edit Button corresponding to required category is clicked]]>
    </line>
    <line>
      <![CDATA[Category Description is entered]]>
    </line>
    <line>
      <![CDATA[Actual Category edited message is :Workflow category updated successfully]]>
    </line>
    <line>
      <![CDATA[Expected Category edited message is :Workflow category updated successfully]]>
    </line>
    <line>
      <![CDATA[Category edited succesfully]]>
    </line>
    <line>
      <![CDATA[User signed out successfully]]>
    </line>
    <line>
      <![CDATA[User LogIn Succesfully]]>
    </line>
    <line>
      <![CDATA[Categories tab clicked]]>
    </line>
    <line>
      <![CDATA[Workflow which needs to move is checked]]>
    </line>
    <line>
      <![CDATA[category in which wf needs to move is selected from dropdown]]>
    </line>
    <line>
      <![CDATA[Actual message is :Workflow(s) category changed successfully]]>
    </line>
    <line>
      <![CDATA[Expected message is :Workflow(s) category changed successfully]]>
    </line>
    <line>
      <![CDATA[Workflow assigned to category succesfully]]>
    </line>
    <line>
      <![CDATA[User signed out successfully]]>
    </line>
    <line>
      <![CDATA[User LogIn Succesfully]]>
    </line>
    <line>
      <![CDATA[Categories tab clicked]]>
    </line>
    <line>
      <![CDATA[Category from which wf needs to remove is selected]]>
    </line>
    <line>
      <![CDATA[Workflow assigned to category is removed]]>
    </line>
    <line>
      <![CDATA[Actual message is :Workflow removed from this category successfully]]>
    </line>
    <line>
      <![CDATA[Expected message is :Workflow removed from this category successfully]]>
    </line>
    <line>
      <![CDATA[Workflow removed from category succesfully]]>
    </line>
    <line>
      <![CDATA[User signed out successfully]]>
    </line>
    <line>
      <![CDATA[User LogIn Succesfully]]>
    </line>
    <line>
      <![CDATA[Credentials tab clicked]]>
    </line>
    <line>
      <![CDATA[Add new button is clicked]]>
    </line>
    <line>
      <![CDATA[Create button is clicked]]>
    </line>
    <line>
      <![CDATA[User LogIn Succesfully]]>
    </line>
    <line>
      <![CDATA[Credentials tab clicked]]>
    </line>
    <line>
      <![CDATA[Edit button corresponding to credentials clicked]]>
    </line>
    <line>
      <![CDATA[Year selected from Calender]]>
    </line>
    <line>
      <![CDATA[Month selected from Calender]]>
    </line>
    <line>
      <![CDATA[Expiry Date selected from Calender]]>
    </line>
    <line>
      <![CDATA[Update button is clicked]]>
    </line>
    <line>
      <![CDATA[Credentials edited succesfully with all fields]]>
    </line>
    <line>
      <![CDATA[User signed out successfully]]>
    </line>
    <line>
      <![CDATA[User LogIn Succesfully]]>
    </line>
    <line>
      <![CDATA[Credentials tab clicked]]>
    </line>
    <line>
      <![CDATA[Credential Pool button is clicked]]>
    </line>
    <line>
      <![CDATA[Create button is clicked]]>
    </line>
    <line>
      <![CDATA[Record for AE2 credential Pool found in table]]>
    </line>
    <line>
      <![CDATA[Credential Pool created succesfully]]>
    </line>
    <line>
      <![CDATA[User signed out successfully]]>
    </line>
    <line>
      <![CDATA[User LogIn Succesfully]]>
    </line>
    <line>
      <![CDATA[Credentials tab clicked]]>
    </line>
    <line>
      <![CDATA[Credential which needs to add in crenetial pool is selcted]]>
    </line>
    <line>
      <![CDATA[Credential pool in which redential needs to move is selected from dropdown]]>
    </line>
    <line>
      <![CDATA[Move Button is clicked]]>
    </line>
    <line>
      <![CDATA[Actual message is :Credential(s) moved successfully]]>
    </line>
    <line>
      <![CDATA[Expected message is :Credential(s) moved successfully]]>
    </line>
    <line>
      <![CDATA[Credential moved to credential pool successfully]]>
    </line>
    <line>
      <![CDATA[User signed out successfully]]>
    </line>
    <line>
      <![CDATA[User logged in successfully]]>
    </line>
    <line>
      <![CDATA[Reports Tab is clicked]]>
    </line>
    <line>
      <![CDATA[New Dashboard button is clicked]]>
    </line>
    <line>
      <![CDATA[Dashboard level is already selcted]]>
    </line>
    <line>
      <![CDATA[Dashboard duration None selected]]>
    </line>
    <line>
      <![CDATA[Actual Success Msg:Dashboard created successfully]]>
    </line>
    <line>
      <![CDATA[Expected Success Msg:Dashboard created successfully]]>
    </line>
    <line>
      <![CDATA[Dashboard at None level created successfully]]>
    </line>
    <line>
      <![CDATA[User signed out successfully]]>
    </line>
    <line>
      <![CDATA[User logged in successfully]]>
    </line>
    <line>
      <![CDATA[Reports Tab is clicked]]>
    </line>
    <line>
      <![CDATA[Dashboard chosed successfully]]>
    </line>
    <line>
      <![CDATA[Add report is clicked]]>
    </line>
    <line>
      <![CDATA[Report Type selected successfully]]>
    </line>
    <line>
      <![CDATA[Generate on Worklfows radio button already selected]]>
    </line>
    <line>
      <![CDATA[one workflow is selected]]>
    </line>
    <line>
      <![CDATA[Second workflow is selected]]>
    </line>
    <line>
      <![CDATA[Generate button selected successfully]]>
    </line>
    <line>
      <![CDATA[Report added as a chart]]>
    </line>
    <line>
      <![CDATA[Report saved on screen]]>
    </line>
    <line>
      <![CDATA[Report Workflow Execution Summary KG displayed on screen successfully]]>
    </line>
    <line>
      <![CDATA[User signed out successfully]]>
    </line>
    <line>
      <![CDATA[User logged in successfully]]>
    </line>
    <line>
      <![CDATA[Reports Tab is clicked]]>
    </line>
    <line>
      <![CDATA[New Dashboard button is clicked]]>
    </line>
    <line>
      <![CDATA[Dashboard level is already selcted]]>
    </line>
    <line>
      <![CDATA[Dashboard duration Relative selected]]>
    </line>
    <line>
      <![CDATA[Create Button clicked successfully]]>
    </line>
    <line>
      <![CDATA[Actual Success Msg:Dashboard created successfully]]>
    </line>
    <line>
      <![CDATA[Expected Success Msg:Dashboard created successfully]]>
    </line>
    <line>
      <![CDATA[Dashboard at None level created successfully]]>
    </line>
    <line>
      <![CDATA[User signed out successfully]]>
    </line>
    <line>
      <![CDATA[User logged in successfully]]>
    </line>
    <line>
      <![CDATA[Reports Tab is clicked]]>
    </line>
    <line>
      <![CDATA[Dashboard chosed successfully]]>
    </line>
    <line>
      <![CDATA[Edit report is clicked]]>
    </line>
    <line>
      <![CDATA[Dashboard duration Custom selected]]>
    </line>
    <line>
      <![CDATA[Update Button clicked successfully]]>
    </line>
    <line>
      <![CDATA[Actual Success Msg:Dashboard Saved Successfully]]>
    </line>
    <line>
      <![CDATA[Expected Success Msg:Dashboard Saved Successfully]]>
    </line>
    <line>
      <![CDATA[Dashboard at Custom level updated successfully]]>
    </line>
    <line>
      <![CDATA[User signed out successfully]]>
    </line>
    <line>
      <![CDATA[User logged in successfully]]>
    </line>
    <line>
      <![CDATA[Reports Tab is clicked]]>
    </line>
    <line>
      <![CDATA[Dashboard chosed successfully]]>
    </line>
    <line>
      <![CDATA[Set as Default option clicked]]>
    </line>
    <line>
      <![CDATA[Report set as a default successfully]]>
    </line>
    <line>
      <![CDATA[User signed out successfully]]>
    </line>
    <line>
      <![CDATA[User logged in successfully]]>
    </line>
    <line>
      <![CDATA[Reports Tab is clicked]]>
    </line>
    <line>
      <![CDATA[New Dashboard button is clicked]]>
    </line>
    <line>
      <![CDATA[Dashboard level is already selcted]]>
    </line>
    <line>
      <![CDATA[Dashboard duration Today selected]]>
    </line>
    <line>
      <![CDATA[Actual Success Msg:Dashboard created successfully]]>
    </line>
    <line>
      <![CDATA[Expected Success Msg:Dashboard created successfully]]>
    </line>
    <line>
      <![CDATA[Dashboard at None level created successfully]]>
    </line>
    <line>
      <![CDATA[User signed out successfully]]>
    </line>
    <line>
      <![CDATA[User log in Successfully]]>
    </line>
    <line>
      <![CDATA[User navigated to Agents Tab]]>
    </line>
    <line>
      <![CDATA[User navigated to Assisted Agents Tab]]>
    </line>
    <line>
      <![CDATA[Assisted Agent details is verified successfully.]]>
    </line>
    <line>
      <![CDATA[User signed out successfully]]>
    </line>
    <line>
      <![CDATA[User navigated to Agents Tab]]>
    </line>
    <line>
      <![CDATA[User navigated to Assisted Agents Tab]]>
    </line>
    <line>
      <![CDATA[User clicked on Edit Btn]]>
    </line>
    <line>
      <![CDATA[Actual message displayed on screen is: Changes saved to the agent and Expected message is: Changes saved to the agent]]>
    </line>
    <line>
      <![CDATA[Edit button is clicked and Assisted agent name is changed successfully]]>
    </line>
    <line>
      <![CDATA[Agent Name Changed successfully.]]>
    </line>
    <line>
      <![CDATA[User signed out successfully]]>
    </line>
    <line>
      <![CDATA[User LogIn Succesfully]]>
    </line>
    <line>
      <![CDATA[User navigated to Agents Tab]]>
    </line>
    <line>
      <![CDATA[User navigated to Assisted Agents Tab]]>
    </line>
    <line>
      <![CDATA[Current status of Assisted Agent is: Running]]>
    </line>
    <line>
      <![CDATA[Assisted Agent is in running mode]]>
    </line>
    <line>
      <![CDATA[Stop Button is Clicked]]>
    </line>
    <line>
      <![CDATA[Confirm Stop Button is Clicked]]>
    </line>
    <line>
      <![CDATA[Current status of Assisted Agent is: Running]]>
    </line>
    <line>
      <![CDATA[Current status of Assisted Agent is: Stopped]]>
    </line>
    <line>
      <![CDATA[Agent is in Stopped mode]]>
    </line>
    <line>
      <![CDATA[Delete Button is Clicked]]>
    </line>
    <line>
      <![CDATA[Confirm Delete Button is Clicked]]>
    </line>
    <line>
      <![CDATA[Assisted Agent is deleted successfully]]>
    </line>
    <line>
      <![CDATA[User signed out successfully]]>
    </line>
    <line>
      <![CDATA[User LogIn Succesfully]]>
    </line>
    <line>
      <![CDATA[User navigated to Agents Tab]]>
    </line>
    <line>
      <![CDATA[User navigated to Agent List Tab]]>
    </line>
    <line>
      <![CDATA[Agent download started]]>
    </line>
    <line>
      <![CDATA[File unzipped properly]]>
    </line>
    <line>
      <![CDATA[User signed out successfully]]>
    </line>
    <line>
      <![CDATA[User LogIn Succesfully]]>
    </line>
    <line>
      <![CDATA[User navigated to Agents Tab]]>
    </line>
    <line>
      <![CDATA[User navigated to Agents Tab]]>
    </line>
    <line>
      <![CDATA[User navigated to Agentslist Tab]]>
    </line>
    <line>
      <![CDATA[User clicked on Edit Btn]]>
    </line>
    <line>
      <![CDATA[Actual message displayed on screen is: Changes saved to the agent and Expected message is: Changes saved to the agent]]>
    </line>
    <line>
      <![CDATA[Edit button is clicked and Assisted agent name is changed successfully]]>
    </line>
    <line>
      <![CDATA[Agent Name Changed successfully.]]>
    </line>
    <line>
      <![CDATA[User signed out successfully]]>
    </line>
    <line>
      <![CDATA[User log in Successfully]]>
    </line>
    <line>
      <![CDATA[User navigated to Agents Tab]]>
    </line>
    <line>
      <![CDATA[Agent details is verified successfully.]]>
    </line>
    <line>
      <![CDATA[User signed out successfully]]>
    </line>
    <line>
      <![CDATA[User logged in successfully]]>
    </line>
    <line>
      <![CDATA[User navigated to AgentList tab]]>
    </line>
    <line>
      <![CDATA[All Column got displayed in records after Checking select All checkbox.]]>
    </line>
    <line>
      <![CDATA[User signed out successfully]]>
    </line>
    <line>
      <![CDATA[User logged in successfully]]>
    </line>
    <line>
      <![CDATA[User navigated to AgentList tab]]>
    </line>
    <line>
      <![CDATA[Select All Checkbox is not already selected, Hence selected twice to deselect it.]]>
    </line>
    <line>
      <![CDATA[Selected count of No. of colums 3]]>
    </line>
    <line>
      <![CDATA[Total No of columns in table: 3]]>
    </line>
    <line>
      <![CDATA[Field of Columns: Agent Name]]>
    </line>
    <line>
      <![CDATA[Field of Columns: Status]]>
    </line>
    <line>
      <![CDATA[Field of Columns: Resource Utilization]]>
    </line>
    <line>
      <![CDATA[Column Value found]]>
    </line>
    <line>
      <![CDATA[All Options got deselected except Agent Name,Status and Resource Utilization.]]>
    </line>
    <line>
      <![CDATA[User signed out successfully]]>
    </line>
    <line>
      <![CDATA[User logged in successfully]]>
    </line>
    <line>
      <![CDATA[User navigated to AgentList tab]]>
    </line>
    <line>
      <![CDATA[Select All Checkbox is not already selected, Hence selected twice to deselect it.]]>
    </line>
    <line>
      <![CDATA[Field of Columns: Agent Name]]>
    </line>
    <line>
      <![CDATA[Field of Columns: Execution Threads]]>
    </line>
    <line>
      <![CDATA[Field of Columns: Executing Workflows]]>
    </line>
    <line>
      <![CDATA[Field of Columns: Status]]>
    </line>
    <line>
      <![CDATA[Field of Columns: Resource Utilization]]>
    </line>
    <line>
      <![CDATA[Column Value found]]>
    </line>
    <line>
      <![CDATA[All columns selected found in table.]]>
    </line>
    <line>
      <![CDATA[User signed out successfully]]>
    </line>
    <line>
      <![CDATA[User logged in successfully]]>
    </line>
    <line>
      <![CDATA[Workflows Tab is clicked]]>
    </line>
    <line>
      <![CDATA[Import button clicked]]>
    </line>
    <line>
      <![CDATA[Is Assisted Workflow checkbox is unselected]]>
    </line>
    <line>
      <![CDATA[Create Button is clicked]]>
    </line>
    <line>
      <![CDATA[Priority is set]]>
    </line>
    <line>
      <![CDATA[Expected Completion Time in Seconds is set]]>
    </line>
    <line>
      <![CDATA[Maximum Completion Time in Seconds is set]]>
    </line>
    <line>
      <![CDATA[Cleanup Requests older than Hours fields is set]]>
    </line>
    <line>
      <![CDATA[Manual Execution Time is set]]>
    </line>
    <line>
      <![CDATA[Manual Execution time unit is set]]>
    </line>
    <line>
      <![CDATA[Config Parameter is clicked]]>
    </line>
    <line>
      <![CDATA[Config Parameter is entered]]>
    </line>
    <line>
      <![CDATA[Save button is clicked]]>
    </line>
    <line>
      <![CDATA[Workflow updated]]>
    </line>
    <line>
      <![CDATA[Workflow is enabled successfully]]>
    </line>
    <line>
      <![CDATA[User signed out successfully]]>
    </line>
    <line>
      <![CDATA[User LogIn Succesfully]]>
    </line>
    <line>
      <![CDATA[Permissions tab clicked]]>
    </line>
    <line>
      <![CDATA[Workflow view button is clicked]]>
    </line>
    <line>
      <![CDATA[Right Search Bar is clicked]]>
    </line>
    <line>
      <![CDATA[View Permission for Tenant user is Selected]]>
    </line>
    <line>
      <![CDATA[Run Permission for Tenant user is Selected]]>
    </line>
    <line>
      <![CDATA[Modify Permission for Tenant user is Selected]]>
    </line>
    <line>
      <![CDATA[Save button is clicked]]>
    </line>
    <line>
      <![CDATA[User signed out successfully]]>
    </line>
    <line>
      <![CDATA[User LogIn Succesfully]]>
    </line>
    <line>
      <![CDATA[Categories tab clicked]]>
    </line>
    <line>
      <![CDATA[User view button is clicked]]>
    </line>
    <line>
      <![CDATA[Left Search Bar is clicked]]>
    </line>
    <line>
      <![CDATA[Search Bar is clicked]]>
    </line>
    <line>
      <![CDATA[View Permission for Workflow is Selected]]>
    </line>
    <line>
      <![CDATA[Run Permission for Workflow is Selected]]>
    </line>
    <line>
      <![CDATA[Modify Permission for Workflow is Selected]]>
    </line>
    <line>
      <![CDATA[Save button is clicked]]>
    </line>
    <line>
      <![CDATA[User signed out successfully]]>
    </line>
    <line>
      <![CDATA[User LogIn Succesfully]]>
    </line>
    <line>
      <![CDATA[Workflow tab is clicked]]>
    </line>
    <line>
      <![CDATA[Workflow is present in table.]]>
    </line>
    <line>
      <![CDATA[Edit button is Clicked]]>
    </line>
    <line>
      <![CDATA[Config Parameter is clicked]]>
    </line>
    <line>
      <![CDATA[Config Parameter is entered]]>
    </line>
    <line>
      <![CDATA[Save button is clicked]]>
    </line>
    <line>
      <![CDATA[Workflow edited successfully]]>
    </line>
    <line>
      <![CDATA[User signed out successfully]]>
    </line>
    <line>
      <![CDATA[Tenant Admin signed in successfully]]>
    </line>
    <line>
      <![CDATA[Agents tab is clicked]]>
    </line>
    <line>
      <![CDATA[Workflow Assignment tab is clicked]]>
    </line>
    <line>
      <![CDATA[Edit button is selected]]>
    </line>
    <line>
      <![CDATA[Workflow is searched]]>
    </line>
    <line>
      <![CDATA[Required wf is selected]]>
    </line>
    <line>
      <![CDATA[Saved the operation]]>
    </line>
    <line>
      <![CDATA[Assignment confirmed]]>
    </line>
    <line>
      <![CDATA[Actual Wf Assignment Msg:Assignment saved successfully.]]>
    </line>
    <line>
      <![CDATA[Expected Wf Assignment Msg:Assignment saved successfully.]]>
    </line>
    <line>
      <![CDATA[Single workflow is successfully assigned to default agent]]>
    </line>
    <line>
      <![CDATA[User signed out successfully]]>
    </line>
    <line>
      <![CDATA[User logged in successfully]]>
    </line>
    <line>
      <![CDATA[Workflows Tab is clicked]]>
    </line>
    <line>
      <![CDATA[Scheduler tab clicked]]>
    </line>
    <line>
      <![CDATA[Add new Button clicked]]>
    </line>
    <line>
      <![CDATA[Schedule form details started]]>
    </line>
    <line>
      <![CDATA[Schedule submitted]]>
    </line>
    <line>
      <![CDATA[Actual Success Msg:Schedule created successfully]]>
    </line>
    <line>
      <![CDATA[Expected Success Msg:Schedule created successfully]]>
    </line>
    <line>
      <![CDATA[Daily Schedule created successfully]]>
    </line>
    <line>
      <![CDATA[User signed out successfully]]>
    </line>
    <line>
      <![CDATA[User logged in successfully]]>
    </line>
    <line>
      <![CDATA[Reports Tab is clicked]]>
    </line>
    <line>
      <![CDATA[New Dashboard button is clicked]]>
    </line>
    <line>
      <![CDATA[Dashboard level is already selcted]]>
    </line>
    <line>
      <![CDATA[Dashboard duration None selected]]>
    </line>
    <line>
      <![CDATA[Actual Success Msg:Dashboard created successfully]]>
    </line>
    <line>
      <![CDATA[Expected Success Msg:Dashboard created successfully]]>
    </line>
    <line>
      <![CDATA[Dashboard at None level created successfully]]>
    </line>
    <line>
      <![CDATA[User signed out successfully]]>
    </line>
    <line>
      <![CDATA[Tenant Admin signed in successfully]]>
    </line>
    <line>
      <![CDATA[Agents tab is clicked]]>
    </line>
    <line>
      <![CDATA[Workflow Assignment tab is clicked]]>
    </line>
    <line>
      <![CDATA[Edit button is selected]]>
    </line>
    <line>
      <![CDATA[Workflow is searched]]>
    </line>
    <line>
      <![CDATA[Required wf is selected]]>
    </line>
    <line>
      <![CDATA[Saved the operation]]>
    </line>
    <line>
      <![CDATA[Assignment confirmed]]>
    </line>
    <line>
      <![CDATA[Actual Wf Assignment Msg:Assignment saved successfully.]]>
    </line>
    <line>
      <![CDATA[Expected Wf Assignment Msg:Assignment saved successfully.]]>
    </line>
    <line>
      <![CDATA[Single workflow is successfully assigned to default agent]]>
    </line>
    <line>
      <![CDATA[User signed out successfully]]>
    </line>
    <line>
      <![CDATA[User logged in successfully]]>
    </line>
    <line>
      <![CDATA[Workflows Tab is clicked]]>
    </line>
    <line>
      <![CDATA[Scheduler tab clicked]]>
    </line>
    <line>
      <![CDATA[Add new Button clicked]]>
    </line>
    <line>
      <![CDATA[Schedule form details started]]>
    </line>
    <line>
      <![CDATA[Schedule submitted]]>
    </line>
    <line>
      <![CDATA[Actual Success Msg:Schedule created successfully]]>
    </line>
    <line>
      <![CDATA[Expected Success Msg:Schedule created successfully]]>
    </line>
    <line>
      <![CDATA[Daily Schedule created successfully]]>
    </line>
    <line>
      <![CDATA[User signed out successfully]]>
    </line>
    <line>
      <![CDATA[User logged in successfully]]>
    </line>
    <line>
      <![CDATA[Reports Tab is clicked]]>
    </line>
    <line>
      <![CDATA[Dashboard chosed successfully]]>
    </line>
    <line>
      <![CDATA[Add report is clicked]]>
    </line>
    <line>
      <![CDATA[Report Type selected successfully]]>
    </line>
    <line>
      <![CDATA[Generate on Worklfows radio button already selected]]>
    </line>
    <line>
      <![CDATA[User logged in successfully]]>
    </line>
    <line>
      <![CDATA[Workflows Tab is clicked]]>
    </line>
    <line>
      <![CDATA[Scheduler tab clicked]]>
    </line>
    <line>
      <![CDATA[End date changed]]>
    </line>
    <line>
      <![CDATA[Repeat Every checkbox is selected]]>
    </line>
    <line>
      <![CDATA[Repeat time is selcted]]>
    </line>
    <line>
      <![CDATA[End Time is selected]]>
    </line>
    <line>
      <![CDATA[Submit button clicked]]>
    </line>
    <line>
      <![CDATA[Actual Success Msg:Schedule Edited successfully]]>
    </line>
    <line>
      <![CDATA[Expected Success Msg:Schedule Edited successfully]]>
    </line>
    <line>
      <![CDATA[Schedule edited successfully]]>
    </line>
    <line>
      <![CDATA[User signed out successfully]]>
    </line>
    <line>
      <![CDATA[User logged in successfully]]>
    </line>
    <line>
      <![CDATA[Workflows Tab is clicked]]>
    </line>
    <line>
      <![CDATA[Scheduler tab clicked]]>
    </line>
    <line>
      <![CDATA[Add new Button clicked]]>
    </line>
    <line>
      <![CDATA[Schedule form details started]]>
    </line>
    <line>
      <![CDATA[Start day selected]]>
    </line>
    <line>
      <![CDATA[End day selected]]>
    </line>
    <line>
      <![CDATA[Schedule type selected]]>
    </line>
    <line>
      <![CDATA[Repeat Every checkbox is selected]]>
    </line>
    <line>
      <![CDATA[Repeat time is selcted]]>
    </line>
    <line>
      <![CDATA[End Time is selected]]>
    </line>
    <line>
      <![CDATA[Schedule submitted]]>
    </line>
    <line>
      <![CDATA[Actual Success Msg:Schedule created successfully]]>
    </line>
    <line>
      <![CDATA[Expected Success Msg:Schedule created successfully]]>
    </line>
    <line>
      <![CDATA[Weekly Schedule created successfully]]>
    </line>
    <line>
      <![CDATA[User signed out successfully]]>
    </line>
    <line>
      <![CDATA[User logged in successfully]]>
    </line>
    <line>
      <![CDATA[Workflows Tab is clicked]]>
    </line>
    <line>
      <![CDATA[Scheduler tab clicked]]>
    </line>
    <line>
      <![CDATA[Repeat time is selcted]]>
    </line>
    <line>
      <![CDATA[Submit button clicked]]>
    </line>
    <line>
      <![CDATA[Actual Success Msg:Schedule Edited successfully]]>
    </line>
    <line>
      <![CDATA[Expected Success Msg:Schedule Edited successfully]]>
    </line>
    <line>
      <![CDATA[Schedule edited successfully]]>
    </line>
    <line>
      <![CDATA[User signed out successfully]]>
    </line>
    <line>
      <![CDATA[User logged in successfully]]>
    </line>
    <line>
      <![CDATA[Workflows Tab is clicked]]>
    </line>
    <line>
      <![CDATA[Scheduler tab clicked]]>
    </line>
    <line>
      <![CDATA[Add new Button clicked]]>
    </line>
    <line>
      <![CDATA[Schedule form details started]]>
    </line>
    <line>
      <![CDATA[Repeat Every checkbox is selected]]>
    </line>
    <line>
      <![CDATA[Repeat time is selcted]]>
    </line>
    <line>
      <![CDATA[End Time is selected]]>
    </line>
    <line>
      <![CDATA[Schedule submitted]]>
    </line>
    <line>
      <![CDATA[Actual Success Msg:Schedule created successfully]]>
    </line>
    <line>
      <![CDATA[Expected Success Msg:Schedule created successfully]]>
    </line>
    <line>
      <![CDATA[Weekly Schedule created successfully]]>
    </line>
    <line>
      <![CDATA[User signed out successfully]]>
    </line>
    <line>
      <![CDATA[User logged in successfully]]>
    </line>
    <line>
      <![CDATA[Workflows Tab is clicked]]>
    </line>
    <line>
      <![CDATA[Scheduler tab clicked]]>
    </line>
    <line>
      <![CDATA[Edit button is clicked]]>
    </line>
    <line>
      <![CDATA[Submit button clicked]]>
    </line>
    <line>
      <![CDATA[Actual Success Msg:Schedule Edited successfully]]>
    </line>
    <line>
      <![CDATA[Expected Success Msg:Schedule Edited successfully]]>
    </line>
    <line>
      <![CDATA[Schedule edited successfully]]>
    </line>
    <line>
      <![CDATA[User signed out successfully]]>
    </line>
    <line>
      <![CDATA[User logged in successfully]]>
    </line>
    <line>
      <![CDATA[Workflows Tab is clicked]]>
    </line>
    <line>
      <![CDATA[Scheduler tab clicked]]>
    </line>
    <line>
      <![CDATA[Add new Button clicked]]>
    </line>
    <line>
      <![CDATA[Schedule form details started]]>
    </line>
    <line>
      <![CDATA[Run Schedule Infinitely checbox selected]]>
    </line>
    <line>
      <![CDATA[Repeat Every checkbox is selected]]>
    </line>
    <line>
      <![CDATA[Repeat time is selcted]]>
    </line>
    <line>
      <![CDATA[Schedule submitted]]>
    </line>
    <line>
      <![CDATA[Actual Success Msg:Schedule created successfully]]>
    </line>
    <line>
      <![CDATA[Expected Success Msg:Schedule created successfully]]>
    </line>
    <line>
      <![CDATA[Infinite Weekly Schedule created successfully]]>
    </line>
    <line>
      <![CDATA[User signed out successfully]]>
    </line>
    <line>
      <![CDATA[User logged in successfully]]>
    </line>
    <line>
      <![CDATA[Workflows Tab is clicked]]>
    </line>
    <line>
      <![CDATA[Scheduler tab clicked]]>
    </line>
    <line>
      <![CDATA[Schedule got disable]]>
    </line>
    <line>
      <![CDATA[Delete schedule button clicked]]>
    </line>
    <line>
      <![CDATA[Actual Success Msg:For automation deleted successfully]]>
    </line>
    <line>
      <![CDATA[Expected Success Msg:For automation deleted successfully]]>
    </line>
    <line>
      <![CDATA[Schedule deleted successfully]]>
    </line>
    <line>
      <![CDATA[User signed out successfully]]>
    </line>
    <line>
      <![CDATA[User logged in successfully]]>
    </line>
    <line>
      <![CDATA[Workflows Tab is clicked]]>
    </line>
    <line>
      <![CDATA[Scheduler tab clicked]]>
    </line>
    <line>
      <![CDATA[Add new Button clicked]]>
    </line>
    <line>
      <![CDATA[Schedule form details started]]>
    </line>
    <line>
      <![CDATA[Schedule submitted]]>
    </line>
    <line>
      <![CDATA[Actual Success Msg:Schedule created successfully]]>
    </line>
    <line>
      <![CDATA[Expected Success Msg:Schedule created successfully]]>
    </line>
    <line>
      <![CDATA[Daily Schedule created successfully]]>
    </line>
    <line>
      <![CDATA[User signed out successfully]]>
    </line>
    <line>
      <![CDATA[User logged in successfully]]>
    </line>
    <line>
      <![CDATA[Workflows Tab is clicked]]>
    </line>
    <line>
      <![CDATA[Scheduler tab clicked]]>
    </line>
    <line>
      <![CDATA[End date changed]]>
    </line>
    <line>
      <![CDATA[Repeat Every checkbox is selected]]>
    </line>
    <line>
      <![CDATA[Repeat time is selcted]]>
    </line>
    <line>
      <![CDATA[End Time is selected]]>
    </line>
    <line>
      <![CDATA[Submit button clicked]]>
    </line>
    <line>
      <![CDATA[Actual Success Msg:Schedule Edited successfully]]>
    </line>
    <line>
      <![CDATA[Expected Success Msg:Schedule Edited successfully]]>
    </line>
    <line>
      <![CDATA[Schedule edited successfully]]>
    </line>
    <line>
      <![CDATA[User signed out successfully]]>
    </line>
    <line>
      <![CDATA[User logged in successfully]]>
    </line>
    <line>
      <![CDATA[Workflows Tab is clicked]]>
    </line>
    <line>
      <![CDATA[Scheduler tab clicked]]>
    </line>
    <line>
      <![CDATA[Status Slider bar is clicked]]>
    </line>
    <line>
      <![CDATA[Schedule created by Tenant admin is made Inactive successfully]]>
    </line>
    <line>
      <![CDATA[User signed out successfully]]>
    </line>
    <line>
      <![CDATA[User logged in successfully]]>
    </line>
    <line>
      <![CDATA[Workflows Tab is clicked]]>
    </line>
    <line>
      <![CDATA[Import button clicked]]>
    </line>
    <line>
      <![CDATA[Is Assisted Workflow checkbox is unselected]]>
    </line>
    <line>
      <![CDATA[Create Button is clicked]]>
    </line>
    <line>
      <![CDATA[Priority is set]]>
    </line>
    <line>
      <![CDATA[Expected Completion Time in Seconds is set]]>
    </line>
    <line>
      <![CDATA[Maximum Completion Time in Seconds is set]]>
    </line>
    <line>
      <![CDATA[Cleanup Requests older than Hours fields is set]]>
    </line>
    <line>
      <![CDATA[Manual Execution Time is set]]>
    </line>
    <line>
      <![CDATA[Manual Execution time unit is set]]>
    </line>
    <line>
      <![CDATA[Config Parameter is clicked]]>
    </line>
    <line>
      <![CDATA[Config Parameter is entered]]>
    </line>
    <line>
      <![CDATA[Save button is clicked]]>
    </line>
    <line>
      <![CDATA[Workflow updated]]>
    </line>
    <line>
      <![CDATA[Workflow is enabled successfully]]>
    </line>
    <line>
      <![CDATA[User signed out successfully]]>
    </line>
    <line>
      <![CDATA[User logged in successfully]]>
    </line>
    <line>
      <![CDATA[Workflows Tab is clicked]]>
    </line>
    <line>
      <![CDATA[Import button clicked]]>
    </line>
    <line>
      <![CDATA[Is Assisted Workflow checkbox is unselected]]>
    </line>
    <line>
      <![CDATA[Create Button is clicked]]>
    </line>
    <line>
      <![CDATA[Priority is set]]>
    </line>
    <line>
      <![CDATA[Expected Completion Time in Seconds is set]]>
    </line>
    <line>
      <![CDATA[Maximum Completion Time in Seconds is set]]>
    </line>
    <line>
      <![CDATA[Cleanup Requests older than Hours fields is set]]>
    </line>
    <line>
      <![CDATA[Manual Execution Time is set]]>
    </line>
    <line>
      <![CDATA[Manual Execution time unit is set]]>
    </line>
    <line>
      <![CDATA[Save button is clicked]]>
    </line>
    <line>
      <![CDATA[Workflow updated]]>
    </line>
    <line>
      <![CDATA[Workflow is enabled successfully]]>
    </line>
    <line>
      <![CDATA[User signed out successfully]]>
    </line>
    <line>
      <![CDATA[Workflows Tab is clicked]]>
    </line>
    <line>
      <![CDATA[Import Dropdown is clicked]]>
    </line>
    <line>
      <![CDATA[Update Button is Clicked]]>
    </line>
    <line>
      <![CDATA[Workflow is been selected]]>
    </line>
    <line>
      <![CDATA[Updated workflow file is choosed]]>
    </line>
    <line>
      <![CDATA[Save button is clicked]]>
    </line>
    <line>
      <![CDATA[Configuration Parameters dropdown is clicked]]>
    </line>
    <line>
      <![CDATA[Save button is clicked]]>
    </line>
    <line>
      <![CDATA[Workflow updated]]>
    </line>
    <line>
      <![CDATA[Workflow is enabled successfully]]>
    </line>
    <line>
      <![CDATA[User signed out successfully]]>
    </line>
    <line>
      <![CDATA[Tenant Admin signed in successfully]]>
    </line>
    <line>
      <![CDATA[Agents tab is clicked]]>
    </line>
    <line>
      <![CDATA[Workflow Assignment tab is clicked]]>
    </line>
    <line>
      <![CDATA[Edit button is selected]]>
    </line>
    <line>
      <![CDATA[Workflow is searched]]>
    </line>
    <line>
      <![CDATA[Required wf is selected]]>
    </line>
    <line>
      <![CDATA[Saved the operation]]>
    </line>
    <line>
      <![CDATA[Assignment confirmed]]>
    </line>
    <line>
      <![CDATA[Actual Wf Assignment Msg:Assignment saved successfully.]]>
    </line>
    <line>
      <![CDATA[Expected Wf Assignment Msg:Assignment saved successfully.]]>
    </line>
    <line>
      <![CDATA[Single workflow is successfully assigned to default agent]]>
    </line>
    <line>
      <![CDATA[User signed out successfully]]>
    </line>
    <line>
      <![CDATA[Catalogue Tab is clicked]]>
    </line>
    <line>
      <![CDATA[Workflow whose request needs to be send is selected]]>
    </line>
    <line>
      <![CDATA[Run Parameter are displayed and entered]]>
    </line>
    <line>
      <![CDATA[Submit request button is clicked]]>
    </line>
    <line>
      <![CDATA[OK button is clicked]]>
    </line>
    <line>
      <![CDATA[User signed out successfully]]>
    </line>
    <line>
      <![CDATA[User LogIn Succesfully]]>
    </line>
    <line>
      <![CDATA[workflowList  tab clicked]]>
    </line>
    <line>
      <![CDATA[Clicked the Dropdown button]]>
    </line>
    <line>
      <![CDATA[Clicked the Export option from dropdown]]>
    </line>
    <line>
      <![CDATA[Clicked the Workflows dropdown ]]>
    </line>
    <line>
      <![CDATA[Clicked on search bar]]>
    </line>
    <line>
      <![CDATA[Multiple Workflow are exported successfully]]>
    </line>
    <line>
      <![CDATA[User signed out successfully]]>
    </line>
    <line>
      <![CDATA[User LogIn Succesfully]]>
    </line>
    <line>
      <![CDATA[workflowList  tab clicked]]>
    </line>
    <line>
      <![CDATA[Edit button is clicked]]>
    </line>
    <line>
      <![CDATA[Priority is set]]>
    </line>
    <line>
      <![CDATA[Cleanup Requests older than Hours fields is set]]>
    </line>
    <line>
      <![CDATA[Save button is clicked]]>
    </line>
    <line>
      <![CDATA[Workflow updated]]>
    </line>
    <line>
      <![CDATA[User signed out successfully]]>
    </line>
    <line>
      <![CDATA[User logged in successfully]]>
    </line>
    <line>
      <![CDATA[Requests Tab is clicked]]>
    </line>
    <line>
      <![CDATA[All Column got displayed in records after Checking select All checkbox.]]>
    </line>
    <line>
      <![CDATA[User signed out successfully]]>
    </line>
    <line>
      <![CDATA[User logged in successfully]]>
    </line>
    <line>
      <![CDATA[Requests Tab is clicked]]>
    </line>
    <line>
      <![CDATA[Select All Checkbox is not already selected, Hence selected twice to deselect it.]]>
    </line>
    <line>
      <![CDATA[Selected count of No. of colums 3]]>
    </line>
    <line>
      <![CDATA[Total No of columns in table: 3]]>
    </line>
    <line>
      <![CDATA[Field of Columns: Id]]>
    </line>
    <line>
      <![CDATA[Field of Columns: Workflow Name]]>
    </line>
    <line>
      <![CDATA[Field of Columns: Status]]>
    </line>
    <line>
      <![CDATA[Column Value found]]>
    </line>
    <line>
      <![CDATA[All Options got deselected except Id,Workflow Name,Status.]]>
    </line>
    <line>
      <![CDATA[User signed out successfully]]>
    </line>
    <line>
      <![CDATA[User logged in successfully]]>
    </line>
    <line>
      <![CDATA[Requests Tab is clicked]]>
    </line>
    <line>
      <![CDATA[Select All Checkbox is not already selected, Hence selected twice to deselect it.]]>
    </line>
    <line>
      <![CDATA[Field of Columns: Id]]>
    </line>
    <line>
      <![CDATA[Field of Columns: Workflow Name]]>
    </line>
    <line>
      <![CDATA[Field of Columns: Priority]]>
    </line>
    <line>
      <![CDATA[Field of Columns: Status]]>
    </line>
    <line>
      <![CDATA[Field of Columns: Completed]]>
    </line>
    <line>
      <![CDATA[Column Value found]]>
    </line>
    <line>
      <![CDATA[All columns selected found in table.]]>
    </line>
    <line>
      <![CDATA[User signed out successfully]]>
    </line>
    <line>
      <![CDATA[User logged in successfully]]>
    </line>
    <line>
      <![CDATA[Workflows Tab is clicked]]>
    </line>
    <line>
      <![CDATA[Import button clicked]]>
    </line>
    <line>
      <![CDATA[Is Assisted Workflow checkbox is unselected]]>
    </line>
    <line>
      <![CDATA[Create Button is clicked]]>
    </line>
    <line>
      <![CDATA[Priority is set]]>
    </line>
    <line>
      <![CDATA[Expected Completion Time in Seconds is set]]>
    </line>
    <line>
      <![CDATA[Maximum Completion Time in Seconds is set]]>
    </line>
    <line>
      <![CDATA[Cleanup Requests older than Hours fields is set]]>
    </line>
    <line>
      <![CDATA[Manual Execution Time is set]]>
    </line>
    <line>
      <![CDATA[Manual Execution time unit is set]]>
    </line>
    <line>
      <![CDATA[Save button is clicked]]>
    </line>
    <line>
      <![CDATA[Workflow updated]]>
    </line>
    <line>
      <![CDATA[Workflow is enabled successfully]]>
    </line>
    <line>
      <![CDATA[User signed out successfully]]>
    </line>
    <line>
      <![CDATA[Tenant Admin signed in successfully]]>
    </line>
    <line>
      <![CDATA[Agents tab is clicked]]>
    </line>
    <line>
      <![CDATA[Workflow Assignment tab is clicked]]>
    </line>
    <line>
      <![CDATA[Edit button is selected]]>
    </line>
    <line>
      <![CDATA[Workflow is searched]]>
    </line>
    <line>
      <![CDATA[Required wf is selected]]>
    </line>
    <line>
      <![CDATA[Saved the operation]]>
    </line>
    <line>
      <![CDATA[Assignment confirmed]]>
    </line>
    <line>
      <![CDATA[Actual Wf Assignment Msg:Assignment saved successfully.]]>
    </line>
    <line>
      <![CDATA[Expected Wf Assignment Msg:Assignment saved successfully.]]>
    </line>
    <line>
      <![CDATA[Single workflow is successfully assigned to default agent]]>
    </line>
    <line>
      <![CDATA[User signed out successfully]]>
    </line>
    <line>
      <![CDATA[User logged in successfully]]>
    </line>
    <line>
      <![CDATA[Catalogue Tab is clicked]]>
    </line>
    <line>
      <![CDATA[Workflow whose request needs to be send is selected]]>
    </line>
    <line>
      <![CDATA[Submit request button is clicked]]>
    </line>
    <line>
      <![CDATA[OK button is clicked]]>
    </line>
    <line>
      <![CDATA[User signed out successfully]]>
    </line>
    <line>
      <![CDATA[User logged in successfully]]>
    </line>
    <line>
      <![CDATA[Requests Tab is clicked]]>
    </line>
    <line>
      <![CDATA[Additional status details is clicked]]>
    </line>
    <line>
      <![CDATA[Message after execution of wf:Error! : Could not prepare output file H:\Users\DELL\Downloads\OTF_UniqueRecords.xlsx]]>
    </line>
    <line>
      <![CDATA[Workflow status is:Failure]]>
    </line>
    <line>
      <![CDATA[User signed out successfully]]>
    </line>
    <line>
      <![CDATA[User logged in successfully]]>
    </line>
    <line>
      <![CDATA[Requests Tab is clicked]]>
    </line>
    <line>
      <![CDATA[Download button is clicked & request download started]]>
    </line>
    <line>
      <![CDATA[User signed out successfully]]>
    </line>
    <line>
      <![CDATA[User logged in successfully]]>
    </line>
    <line>
      <![CDATA[Requests Tab is clicked]]>
    </line>
    <line>
      <![CDATA[Workflow status is:Failure]]>
    </line>
    <line>
      <![CDATA[User signed out successfully]]>
    </line>
    <line>
      <![CDATA[User logged in successfully]]>
    </line>
    <line>
      <![CDATA[Requests Tab is clicked]]>
    </line>
    <line>
      <![CDATA[Restart icon is clicked]]>
    </line>
    <line>
      <![CDATA[Request Status is Failure So Restart button is visible and clicked]]>
    </line>
    <line>
      <![CDATA[Request [2099] has been restarted]]>
    </line>
    <line>
      <![CDATA[User signed out successfully]]>
    </line>
    <line>
      <![CDATA[User logged in successfully]]>
    </line>
    <line>
      <![CDATA[Workflows Tab is clicked]]>
    </line>
    <line>
      <![CDATA[Import button clicked]]>
    </line>
    <line>
      <![CDATA[Is Assisted Workflow checkbox is unselected]]>
    </line>
    <line>
      <![CDATA[Create Button is clicked]]>
    </line>
    <line>
      <![CDATA[Priority is set]]>
    </line>
    <line>
      <![CDATA[Expected Completion Time in Seconds is set]]>
    </line>
    <line>
      <![CDATA[Maximum Completion Time in Seconds is set]]>
    </line>
    <line>
      <![CDATA[Cleanup Requests older than Hours fields is set]]>
    </line>
    <line>
      <![CDATA[Manual Execution Time is set]]>
    </line>
    <line>
      <![CDATA[Manual Execution time unit is set]]>
    </line>
    <line>
      <![CDATA[Config Parameter is clicked]]>
    </line>
    <line>
      <![CDATA[Config Parameter is entered]]>
    </line>
    <line>
      <![CDATA[Save button is clicked]]>
    </line>
    <line>
      <![CDATA[Workflow updated]]>
    </line>
    <line>
      <![CDATA[Workflow is enabled successfully]]>
    </line>
    <line>
      <![CDATA[User signed out successfully]]>
    </line>
    <line>
      <![CDATA[Tenant Admin signed in successfully]]>
    </line>
    <line>
      <![CDATA[Agents tab is clicked]]>
    </line>
    <line>
      <![CDATA[Workflow Assignment tab is clicked]]>
    </line>
    <line>
      <![CDATA[Edit button is selected]]>
    </line>
    <line>
      <![CDATA[Workflow is searched]]>
    </line>
    <line>
      <![CDATA[Required wf is selected]]>
    </line>
    <line>
      <![CDATA[Saved the operation]]>
    </line>
    <line>
      <![CDATA[Assignment confirmed]]>
    </line>
    <line>
      <![CDATA[Actual Wf Assignment Msg:Assignment saved successfully.]]>
    </line>
    <line>
      <![CDATA[Expected Wf Assignment Msg:Assignment saved successfully.]]>
    </line>
    <line>
      <![CDATA[Single workflow is successfully assigned to default agent]]>
    </line>
    <line>
      <![CDATA[User signed out successfully]]>
    </line>
    <line>
      <![CDATA[User logged in successfully]]>
    </line>
    <line>
      <![CDATA[Catalogue Tab is clicked]]>
    </line>
    <line>
      <![CDATA[Workflow whose request needs to be send is selected]]>
    </line>
    <line>
      <![CDATA[Submit request button is clicked]]>
    </line>
    <line>
      <![CDATA[OK button is clicked]]>
    </line>
    <line>
      <![CDATA[Requests Tab is clicked]]>
    </line>
    <line>
      <![CDATA[Request Status is ExecutionStarted So Terminate button is visible and clicked]]>
    </line>
    <line>
      <![CDATA[Request [2100] termination has been initiated]]>
    </line>
    <line>
      <![CDATA[User signed out successfully]]>
    </line>
    <line>
      <![CDATA[User LogIn Succesfully]]>
    </line>
    <line>
      <![CDATA[User navigated to Agents Tab]]>
    </line>
    <line>
      <![CDATA[Current status of Assisted Agent is: Running]]>
    </line>
    <line>
      <![CDATA[Assisted Agent is in running mode]]>
    </line>
    <line>
      <![CDATA[Stop Button is Clicked]]>
    </line>
    <line>
      <![CDATA[Confirm Stop Button is Clicked]]>
    </line>
    <line>
      <![CDATA[Current status of Assisted Agent is: Running]]>
    </line>
    <line>
      <![CDATA[Agent is in Stopped mode]]>
    </line>
    <line>
      <![CDATA[Agent is stopped successfully]]>
    </line>
    <line>
      <![CDATA[User signed out successfully]]>
    </line>
    <line>
      <![CDATA[User LogIn Succesfully]]>
    </line>
    <line>
      <![CDATA[User navigated to Agents Tab]]>
    </line>
    <line>
      <![CDATA[Current status of Agent is: Stopped]]>
    </line>
    <line>
      <![CDATA[Agent is in Stopped mode]]>
    </line>
    <line>
      <![CDATA[Delete Button is Clicked]]>
    </line>
    <line>
      <![CDATA[Confirm Delete Button is Clicked]]>
    </line>
    <line>
      <![CDATA[Agent is deleted successfully]]>
    </line>
    <line>
      <![CDATA[User signed out successfully]]>
    </line>
    <line>
      <![CDATA[User LogIn Succesfully]]>
    </line>
    <line>
      <![CDATA[User navigated to Agents Tab]]>
    </line>
    <line>
      <![CDATA[User navigated to Assisted Agents Tab]]>
    </line>
    <line>
      <![CDATA[User navigated to Assign To User Tab]]>
    </line>
    <line>
      <![CDATA[User signed out successfully]]>
    </line>
    <line>
      <![CDATA[User LogIn Succesfully]]>
    </line>
    <line>
      <![CDATA[User navigated to Agent List Tab]]>
    </line>
    <line>
      <![CDATA[Agent download started]]>
    </line>
    <line>
      <![CDATA[File unzipped properly]]>
    </line>
    <line>
      <![CDATA[User signed out successfully]]>
    </line>
    <line>
      <![CDATA[User LogIn Succesfully]]>
    </line>
    <line>
      <![CDATA[User navigated to Agents Tab]]>
    </line>
    <line>
      <![CDATA[User navigated to Agent List Tab]]>
    </line>
    <line>
      <![CDATA[Current status of Assisted Agent is: Running]]>
    </line>
    <line>
      <![CDATA[Assisted Agent is in running mode]]>
    </line>
    <line>
      <![CDATA[User signed out successfully]]>
    </line>
    <line>
      <![CDATA[User navigated to Agents Tab]]>
    </line>
    <line>
      <![CDATA[User navigated to Agentslist Tab]]>
    </line>
    <line>
      <![CDATA[User clicked on Edit Btn]]>
    </line>
    <line>
      <![CDATA[Actual message displayed on screen is: Changes saved to the agent and Expected message is: Access Denied]]>
    </line>
    <line>
      <![CDATA[User logged in successfully]]>
    </line>
    <line>
      <![CDATA[Workflows Tab is clicked]]>
    </line>
    <line>
      <![CDATA[Import button clicked]]>
    </line>
    <line>
      <![CDATA[assisted Workflow is selected]]>
    </line>
    <line>
      <![CDATA[Create Button is clicked]]>
    </line>
    <line>
      <![CDATA[Priority is set]]>
    </line>
    <line>
      <![CDATA[Expected Completion Time in Seconds is set]]>
    </line>
    <line>
      <![CDATA[Maximum Completion Time in Seconds is set]]>
    </line>
    <line>
      <![CDATA[Cleanup Requests older than Hours fields is set]]>
    </line>
    <line>
      <![CDATA[Manual Execution Time is set]]>
    </line>
    <line>
      <![CDATA[Manual Execution time unit is set]]>
    </line>
    <line>
      <![CDATA[Save button is clicked]]>
    </line>
    <line>
      <![CDATA[Workflow updated]]>
    </line>
    <line>
      <![CDATA[Workflow is enabled successfully]]>
    </line>
    <line>
      <![CDATA[User signed out successfully]]>
    </line>
    <line>
      <![CDATA[User logged in successfully]]>
    </line>
    <line>
      <![CDATA[Workflows Tab is clicked]]>
    </line>
    <line>
      <![CDATA[Permissions Tab is clicked]]>
    </line>
    <line>
      <![CDATA[Workflows button is clicked]]>
    </line>
    <line>
      <![CDATA[Workflow is been selected]]>
    </line>
    <line>
      <![CDATA[Users button is clicked]]>
    </line>
    <line>
      <![CDATA[Permission is selected successfully]]>
    </line>
    <line>
      <![CDATA[Save button is clicked]]>
    </line>
    <line>
      <![CDATA[Actual Success Message:- Permissions updated successfully]]>
    </line>
    <line>
      <![CDATA[Expected Success Message:- Permissions updated successfully]]>
    </line>
    <line>
      <![CDATA[Permission is updated successfully]]>
    </line>
    <line>
      <![CDATA[User signed out successfully]]>
    </line>
    <line>
      <![CDATA[User logged in successfully]]>
    </line>
    <line>
      <![CDATA[Catalogue Tab is clicked]]>
    </line>
    <line>
      <![CDATA[Workflow whose request needs to be send is selected]]>
    </line>
    <line>
      <![CDATA[Submit request button is clicked]]>
    </line>
    <line>
      <![CDATA[Actual Popup Box:- Success!]]>
    </line>
    <line>
      <![CDATA[Expected Popup Box:- Success!]]>
    </line>
    <line>
      <![CDATA[OK button is clicked]]>
    </line>
    <line>
      <![CDATA[Request is submitted successfully]]>
    </line>
    <line>
      <![CDATA[User signed out successfully]]>
    </line>
    <line>
      <![CDATA[User logged in successfully]]>
    </line>
    <line>
      <![CDATA[Requests Tab is clicked]]>
    </line>
    <line>
      <![CDATA[All Column got displayed in records after Checking select All checkbox.]]>
    </line>
    <line>
      <![CDATA[User signed out successfully]]>
    </line>
    <line>
      <![CDATA[User logged in successfully]]>
    </line>
    <line>
      <![CDATA[Requests Tab is clicked]]>
    </line>
    <line>
      <![CDATA[Select All Checkbox is not already selected, Hence selected twice to deselect it.]]>
    </line>
    <line>
      <![CDATA[Selected count of No. of colums 3]]>
    </line>
    <line>
      <![CDATA[Total No of columns in table: 3]]>
    </line>
    <line>
      <![CDATA[Field of Columns: Id]]>
    </line>
    <line>
      <![CDATA[Field of Columns: Workflow Name]]>
    </line>
    <line>
      <![CDATA[Field of Columns: Status]]>
    </line>
    <line>
      <![CDATA[Column Value found]]>
    </line>
    <line>
      <![CDATA[All Options got deselected except Id,Workflow Name,Status.]]>
    </line>
    <line>
      <![CDATA[User signed out successfully]]>
    </line>
    <line>
      <![CDATA[User logged in successfully]]>
    </line>
    <line>
      <![CDATA[Requests Tab is clicked]]>
    </line>
    <line>
      <![CDATA[Select All Checkbox is not already selected, Hence selected twice to deselect it.]]>
    </line>
    <line>
      <![CDATA[Field of Columns: Id]]>
    </line>
    <line>
      <![CDATA[Field of Columns: Workflow Name]]>
    </line>
    <line>
      <![CDATA[Field of Columns: Priority]]>
    </line>
    <line>
      <![CDATA[Field of Columns: Status]]>
    </line>
    <line>
      <![CDATA[Field of Columns: Completed]]>
    </line>
    <line>
      <![CDATA[Column Value found]]>
    </line>
    <line>
      <![CDATA[All columns selected found in table.]]>
    </line>
    <line>
      <![CDATA[User signed out successfully]]>
    </line>
    <line>
      <![CDATA[User logged in successfully]]>
    </line>
    <line>
      <![CDATA[Requests Tab is clicked]]>
    </line>
    <line>
      <![CDATA[Download button is clicked & request download started]]>
    </line>
    <line>
      <![CDATA[User signed out successfully]]>
    </line>
    <line>
      <![CDATA[User LogIn Succesfully]]>
    </line>
    <line>
      <![CDATA[User navigated to Agents Tab]]>
    </line>
    <line>
      <![CDATA[User navigated to Agentslist Tab]]>
    </line>
    <line>
      <![CDATA[Current status of Assisted Agent is: Running]]>
    </line>
    <line>
      <![CDATA[Assisted Agent is in running mode]]>
    </line>
    <line>
      <![CDATA[Stop Button is Clicked]]>
    </line>
    <line>
      <![CDATA[Confirm Stop Button is Clicked]]>
    </line>
    <line>
      <![CDATA[Current status of Assisted Agent is: Running]]>
    </line>
    <line>
      <![CDATA[Agent is in Stopped mode]]>
    </line>
    <line>
      <![CDATA[Delete Button is Clicked]]>
    </line>
    <line>
      <![CDATA[Confirm Delete Button is Clicked]]>
    </line>
    <line>
      <![CDATA[Assisted Agent is deleted successfully]]>
    </line>
    <line>
      <![CDATA[User signed out successfully]]>
    </line>
    <line>
      <![CDATA[User LogIn Succesfully]]>
    </line>
    <line>
      <![CDATA[User navigated to Agents Tab]]>
    </line>
    <line>
      <![CDATA[User navigated to Assisted Agents Tab]]>
    </line>
    <line>
      <![CDATA[User navigated to Assign To User Tab]]>
    </line>
    <line>
      <![CDATA[User signed out successfully]]>
    </line>
    <line>
      <![CDATA[User LogIn Succesfully]]>
    </line>
    <line>
      <![CDATA[User navigated to Agent List Tab]]>
    </line>
    <line>
      <![CDATA[Agent download started]]>
    </line>
    <line>
      <![CDATA[File unzipped properly]]>
    </line>
    <line>
      <![CDATA[User signed out successfully]]>
    </line>
    <line>
      <![CDATA[User LogIn Succesfully]]>
    </line>
    <line>
      <![CDATA[User navigated to Agents Tab]]>
    </line>
    <line>
      <![CDATA[User navigated to Agent List Tab]]>
    </line>
    <line>
      <![CDATA[Current status of Assisted Agent is: Stopped]]>
    </line>
    <line>
      <![CDATA[Current status of Assisted Agent is: Updating]]>
    </line>
    <line>
      <![CDATA[Current status of Assisted Agent is: Updating]]>
    </line>
    <line>
      <![CDATA[Current status of Assisted Agent is: Updating]]>
    </line>
    <line>
      <![CDATA[Assisted Agent is in running mode]]>
    </line>
    <line>
      <![CDATA[User signed out successfully]]>
    </line>
    <line>
      <![CDATA[User logged in successfully]]>
    </line>
    <line>
      <![CDATA[Catalogue Tab is clicked]]>
    </line>
    <line>
      <![CDATA[Workflow whose request needs to be send is selected]]>
    </line>
    <line>
      <![CDATA[Submit request button is clicked]]>
    </line>
    <line>
      <![CDATA[Actual Popup Box:- Success!]]>
    </line>
    <line>
      <![CDATA[Expected Popup Box:- Success!]]>
    </line>
    <line>
      <![CDATA[OK button is clicked]]>
    </line>
    <line>
      <![CDATA[Request is submitted successfully]]>
    </line>
    <line>
      <![CDATA[User signed out successfully]]>
    </line>
    <line>
      <![CDATA[User logged in successfully]]>
    </line>
    <line>
      <![CDATA[Workflows Tab is clicked]]>
    </line>
    <line>
      <![CDATA[Import button clicked]]>
    </line>
    <line>
      <![CDATA[assisted Workflow is selected]]>
    </line>
    <line>
      <![CDATA[assisted Workflow is unselected]]>
    </line>
    <line>
      <![CDATA[Create Button is clicked]]>
    </line>
    <line>
      <![CDATA[Priority is set]]>
    </line>
    <line>
      <![CDATA[Expected Completion Time in Seconds is set]]>
    </line>
    <line>
      <![CDATA[Maximum Completion Time in Seconds is set]]>
    </line>
    <line>
      <![CDATA[Cleanup Requests older than Hours fields is set]]>
    </line>
    <line>
      <![CDATA[Manual Execution Time is set]]>
    </line>
    <line>
      <![CDATA[Manual Execution time unit is set]]>
    </line>
    <line>
      <![CDATA[Save button is clicked]]>
    </line>
    <line>
      <![CDATA[Workflow updated]]>
    </line>
    <line>
      <![CDATA[Workflow is enabled successfully]]>
    </line>
    <line>
      <![CDATA[User signed out successfully]]>
    </line>
    <line>
      <![CDATA[User logged in successfully]]>
    </line>
    <line>
      <![CDATA[Catalogue Tab is clicked]]>
    </line>
    <line>
      <![CDATA[Workflow whose request needs to be send is selected]]>
    </line>
    <line>
      <![CDATA[Submit request button is clicked]]>
    </line>
    <line>
      <![CDATA[Actual Popup Box:- Success!]]>
    </line>
    <line>
      <![CDATA[Expected Popup Box:- Success!]]>
    </line>
    <line>
      <![CDATA[OK button is clicked]]>
    </line>
    <line>
      <![CDATA[Request is submitted successfully]]>
    </line>
    <line>
      <![CDATA[User signed out successfully]]>
    </line>
    <line>
      <![CDATA[User LogIn Succesfully]]>
    </line>
    <line>
      <![CDATA[Credentials tab clicked]]>
    </line>
    <line>
      <![CDATA[Delete button on popup is confirmed]]>
    </line>
    <line>
      <![CDATA[Actual message is :Credential pool [AE2] deleted successfully]]>
    </line>
    <line>
      <![CDATA[Expected message is :Credential pool [AE2] deleted successfully]]>
    </line>
    <line>
      <![CDATA[Credential pool deleted successfully]]>
    </line>
    <line>
      <![CDATA[User signed out successfully]]>
    </line>
    <line>
      <![CDATA[User logged in successfully]]>
    </line>
    <line>
      <![CDATA[Users tab clicked]]>
    </line>
    <line>
      <![CDATA[Users group tab clicked]]>
    </line>
    <line>
      <![CDATA[Delete button is clicked]]>
    </line>
    <line>
      <![CDATA[Actual Username:User group deleted successfully]]>
    </line>
    <line>
      <![CDATA[Expected Username:User group deleted successfully]]>
    </line>
    <line>
      <![CDATA[User group deleted]]>
    </line>
    <line>
      <![CDATA[User signed out successfully]]>
    </line>
    <line>
      <![CDATA[User LogIn Succesfully]]>
    </line>
    <line>
      <![CDATA[Credentials tab clicked]]>
    </line>
    <line>
      <![CDATA[Delete button on popup is confirmed]]>
    </line>
    <line>
      <![CDATA[Actual message is :Credential [KG_PrivateWA] deleted successfully]]>
    </line>
    <line>
      <![CDATA[Expected message is :Credential [KG_PrivateWA] deleted successfully]]>
    </line>
    <line>
      <![CDATA[Credential deleted successfully]]>
    </line>
    <line>
      <![CDATA[User signed out successfully]]>
    </line>
    <line>
      <![CDATA[User logged in successfully]]>
    </line>
    <line>
      <![CDATA[Reports Tab is clicked]]>
    </line>
    <line>
      <![CDATA[Dashboard chosed successfully]]>
    </line>
    <line>
      <![CDATA[Add report is clicked]]>
    </line>
    <line>
      <![CDATA[Report Type selected successfully]]>
    </line>
    <line>
      <![CDATA[Generate on Worklfows radio button already selected]]>
    </line>
    <line>
      <![CDATA[one workflow is selected]]>
    </line>
    <line>
      <![CDATA[Generate button selected successfully]]>
    </line>
    <line>
      <![CDATA[Report added as a Table]]>
    </line>
    <line>
      <![CDATA[Report saved on screen]]>
    </line>
    <line>
      <![CDATA[Report Custom Report KG displayed on screen successfully]]>
    </line>
    <line>
      <![CDATA[User signed out successfully]]>
    </line>
    <line>
      <![CDATA[User logged in successfully]]>
    </line>
    <line>
      <![CDATA[Reports Tab is clicked]]>
    </line>
    <line>
      <![CDATA[Dashboard chosed successfully]]>
    </line>
    <line>
      <![CDATA[Add report is clicked]]>
    </line>
    <line>
      <![CDATA[Report Type selected successfully]]>
    </line>
    <line>
      <![CDATA[Generate on Worklfows radio button already selected]]>
    </line>
    <line>
      <![CDATA[one workflow is selected]]>
    </line>
    <line>
      <![CDATA[Generate button selected successfully]]>
    </line>
    <line>
      <![CDATA[Report added as a Table]]>
    </line>
    <line>
      <![CDATA[Report saved on screen]]>
    </line>
    <line>
      <![CDATA[Report Custom Report KG displayed on screen successfully]]>
    </line>
    <line>
      <![CDATA[User signed out successfully]]>
    </line>
    <line>
      <![CDATA[User logged in successfully]]>
    </line>
    <line>
      <![CDATA[Reports Tab is clicked]]>
    </line>
    <line>
      <![CDATA[Dashboard chosed successfully]]>
    </line>
    <line>
      <![CDATA[Delete Dashboard option clicked]]>
    </line>
    <line>
      <![CDATA[Delete button clicked on popup]]>
    </line>
    <line>
      <![CDATA[After deleting dashboard with report, actual message get is: Dashboard Deleted successfully]]>
    </line>
    <line>
      <![CDATA[Dashboard with report deleted successfully]]>
    </line>
    <line>
      <![CDATA[User signed out successfully]]>
    </line>
  </reporter-output>
  <suite started-at="2023-02-06T06:17:09Z" name="TestSuite" finished-at="2023-02-06T07:57:10Z" duration-ms="6001190">
    <groups>
    </groups>
    <test started-at="2023-02-06T06:17:09Z" name="AESanity" finished-at="2023-02-06T07:57:10Z" duration-ms="6001190">
      <class name="com.ae.qa.testcasesWorkflowAdmin.CataloguePageTestWA">
        <test-method is-config="true" signature="initialization()[pri:0, instance:com.ae.qa.testcasesWorkflowAdmin.CataloguePageTestWA@41005828]" started-at="2023-02-06T07:50:44Z" name="initialization" finished-at="2023-02-06T07:50:53Z" duration-ms="8744" status="PASS">
          <reporter-output>
          </reporter-output>
        </test-method> <!-- initialization -->
[...]
            </line>
            <line>
              <![CDATA[Field of Columns: Completed]]>
            </line>
            <line>
              <![CDATA[Column Value found]]>
            </line>
            <line>
              <![CDATA[All columns selected found in table.]]>
            </line>
            <line>
              <![CDATA[User signed out successfully]]>
            </line>
          </reporter-output>
        </test-method> <!-- validateSpecificColumnInRequestsWATest -->
        <test-method is-config="true" signature="getResult(org.testng.ITestResult)[pri:0, instance:com.ae.qa.testcasesWorkflowAdmin.RequestsPageTestWA@60b4beb4]" started-at="2023-02-06T07:30:19Z" name="getResult" finished-at="2023-02-06T07:30:19Z" duration-ms="211" status="PASS">
          <params>
            <param index="0">
              <value>
                <![CDATA[[TestResult name=validateSpecificColumnInRequestsWATest status=SUCCESS method=RequestsPageTestWA.validateSpecificColumnInRequestsWATest(java.lang.reflect.Method)[pri:85, instance:com.ae.qa.testcasesWorkflowAdmin.RequestsPageTestWA@60b4beb4] output=User logged in successfully]]]>
              </value>
            </param>
          </params>
          <reporter-output>
          </reporter-output>
        </test-method> <!-- getResult -->
        <test-method is-config="true" signature="initialization()[pri:0, instance:com.ae.qa.testcasesWorkflowAdmin.RequestsPageTestWA@60b4beb4]" started-at="2023-02-06T07:30:19Z" name="initialization" finished-at="2023-02-06T07:30:36Z" duration-ms="17319" status="PASS">
          <reporter-output>
          </reporter-output>
        </test-method> <!-- initialization -->
        <test-method signature="validateRequestFailureReasonWATest(java.lang.reflect.Method)[pri:86, instance:com.ae.qa.testcasesWorkflowAdmin.RequestsPageTestWA@60b4beb4]" started-at="2023-02-06T07:30:36Z" name="validateRequestFailureReasonWATest" finished-at="2023-02-06T07:33:06Z" duration-ms="149292" status="PASS">
          <params>
            <param index="0">
              <value>
                <![CDATA[public void com.ae.qa.testcasesWorkflowAdmin.RequestsPageTestWA.validateRequestFailureReasonWATest(java.lang.reflect.Method) throws java.lang.Exception]]>
              </value>
            </param>
          </params>
          <reporter-output>
            <line>
              <![CDATA[User logged in successfully]]>
            </line>
            <line>
              <![CDATA[Workflows Tab is clicked]]>
            </line>
            <line>
              <![CDATA[Import button clicked]]>
            </line>
            <line>
              <![CDATA[Is Assisted Workflow checkbox is unselected]]>
            </line>
            <line>
              <![CDATA[Create Button is clicked]]>
            </line>
            <line>
              <![CDATA[Priority is set]]>
            </line>
            <line>
              <![CDATA[Expected Completion Time in Seconds is set]]>
            </line>
            <line>
              <![CDATA[Maximum Completion Time in Seconds is set]]>
            </line>
            <line>
              <![CDATA[Cleanup Requests older than Hours fields is set]]>
            </line>
            <line>
              <![CDATA[Manual Execution Time is set]]>
            </line>
            <line>
              <![CDATA[Manual Execution time unit is set]]>
            </line>
            <line>
              <![CDATA[Save button is clicked]]>
            </line>
            <line>
              <![CDATA[Workflow updated]]>
            </line>
            <line>
              <![CDATA[Workflow is enabled successfully]]>
            </line>
            <line>
              <![CDATA[User signed out successfully]]>
            </line>
            <line>
              <![CDATA[Tenant Admin signed in successfully]]>
            </line>
            <line>
              <![CDATA[Agents tab is clicked]]>
            </line>
            <line>
              <![CDATA[Workflow Assignment tab is clicked]]>
            </line>
            <line>
              <![CDATA[Edit button is selected]]>
            </line>
            <line>
              <![CDATA[Workflow is searched]]>
            </line>
            <line>
              <![CDATA[Required wf is selected]]>
            </line>
            <line>
              <![CDATA[Saved the operation]]>
            </line>
            <line>
              <![CDATA[Assignment confirmed]]>
            </line>
            <line>
              <![CDATA[Actual Wf Assignment Msg:Assignment saved successfully.]]>
            </line>
            <line>
              <![CDATA[Expected Wf Assignment Msg:Assignment saved successfully.]]>
            </line>
            <line>
              <![CDATA[Single workflow is successfully assigned to default agent]]>
            </line>
            <line>
              <![CDATA[User signed out successfully]]>
            </line>
            <line>
              <![CDATA[User logged in successfully]]>
            </line>
            <line>
              <![CDATA[Catalogue Tab is clicked]]>
            </line>
            <line>
              <![CDATA[Workflow whose request needs to be send is selected]]>
            </line>
            <line>
              <![CDATA[Submit request button is clicked]]>
            </line>
            <line>
              <![CDATA[OK button is clicked]]>
            </line>
            <line>
              <![CDATA[User signed out successfully]]>
            </line>
            <line>
              <![CDATA[User logged in successfully]]>
            </line>
            <line>
              <![CDATA[Requests Tab is clicked]]>
            </line>
            <line>
              <![CDATA[Additional status details is clicked]]>
            </line>
            <line>
              <![CDATA[Message after execution of wf:Error! : Could not prepare output file H:\Users\DELL\Downloads\OTF_UniqueRecords.xlsx]]>
            </line>
            <line>
              <![CDATA[Workflow status is:Failure]]>
            </line>
            <line>
              <![CDATA[User signed out successfully]]>
            </line>
          </reporter-output>
        </test-method> <!-- validateRequestFailureReasonWATest -->
        <test-method is-config="true" signature="getResult(org.testng.ITestResult)[pri:0, instance:com.ae.qa.testcasesWorkflowAdmin.RequestsPageTestWA@60b4beb4]" started-at="2023-02-06T07:33:06Z" name="getResult" finished-at="2023-02-06T07:33:06Z" duration-ms="256" status="PASS">
          <params>
            <param index="0">
              <value>
                <![CDATA[[TestResult name=validateRequestFailureReasonWATest status=SUCCESS method=RequestsPageTestWA.validateRequestFailureReasonWATest(java.lang.reflect.Method)[pri:86, instance:com.ae.qa.testcasesWorkflowAdmin.RequestsPageTestWA@60b4beb4] output=User logged in successfully]]]>
              </value>
            </param>
          </params>
          <reporter-output>
          </reporter-output>
        </test-method> <!-- getResult -->
        <test-method is-config="true" signature="initialization()[pri:0, instance:com.ae.qa.testcasesWorkflowAdmin.RequestsPageTestWA@60b4beb4]" started-at="2023-02-06T07:33:06Z" name="initialization" finished-at="2023-02-06T07:33:13Z" duration-ms="7407" status="PASS">
          <reporter-output>
          </reporter-output>
        </test-method> <!-- initialization -->
        <test-method signature="validateDownloadRequestWATest(java.lang.reflect.Method)[pri:87, instance:com.ae.qa.testcasesWorkflowAdmin.RequestsPageTestWA@60b4beb4]" started-at="2023-02-06T07:33:13Z" name="validateDownloadRequestWATest" finished-at="2023-02-06T07:33:33Z" duration-ms="19884" status="PASS">
          <params>
            <param index="0">
              <value>
                <![CDATA[public void com.ae.qa.testcasesWorkflowAdmin.RequestsPageTestWA.validateDownloadRequestWATest(java.lang.reflect.Method) throws java.lang.Exception]]>
              </value>
            </param>
          </params>
          <reporter-output>
            <line>
              <![CDATA[User logged in successfully]]>
            </line>
            <line>
              <![CDATA[Requests Tab is clicked]]>
            </line>
            <line>
              <![CDATA[Download button is clicked & request download started]]>
            </line>
            <line>
              <![CDATA[User signed out successfully]]>
            </line>
          </reporter-output>
        </test-method> <!-- validateDownloadRequestWATest -->
        <test-method is-config="true" signature="getResult(org.testng.ITestResult)[pri:0, instance:com.ae.qa.testcasesWorkflowAdmin.RequestsPageTestWA@60b4beb4]" started-at="2023-02-06T07:33:33Z" name="getResult" finished-at="2023-02-06T07:33:34Z" duration-ms="273" status="PASS">
          <params>
            <param index="0">
              <value>
                <![CDATA[[TestResult name=validateDownloadRequestWATest status=SUCCESS method=RequestsPageTestWA.validateDownloadRequestWATest(java.lang.reflect.Method)[pri:87, instance:com.ae.qa.testcasesWorkflowAdmin.RequestsPageTestWA@60b4beb4] output=User logged in successfully]]]>
              </value>
            </param>
          </params>
          <reporter-output>
          </reporter-output>
        </test-method> <!-- getResult -->
        <test-method is-config="true" signature="initialization()[pri:0, instance:com.ae.qa.testcasesWorkflowAdmin.RequestsPageTestWA@60b4beb4]" started-at="2023-02-06T07:33:34Z" name="initialization" finished-at="2023-02-06T07:33:44Z" duration-ms="10369" status="PASS">
          <reporter-output>
          </reporter-output>
        </test-method> <!-- initialization -->
        <test-method signature="validateRequestStatusWATest(java.lang.reflect.Method)[pri:88, instance:com.ae.qa.testcasesWorkflowAdmin.RequestsPageTestWA@60b4beb4]" started-at="2023-02-06T07:33:44Z" name="validateRequestStatusWATest" finished-at="2023-02-06T07:34:26Z" duration-ms="42128" status="PASS">
          <params>
            <param index="0">
              <value>
                <![CDATA[public void com.ae.qa.testcasesWorkflowAdmin.RequestsPageTestWA.validateRequestStatusWATest(java.lang.reflect.Method) throws java.lang.Exception]]>
              </value>
            </param>
          </params>
          <reporter-output>
            <line>
              <![CDATA[User logged in successfully]]>
            </line>
            <line>
              <![CDATA[Requests Tab is clicked]]>
            </line>
            <line>
              <![CDATA[Workflow status is:Failure]]>
            </line>
            <line>
              <![CDATA[User signed out successfully]]>
            </line>
          </reporter-output>
        </test-method> <!-- validateRequestStatusWATest -->
        <test-method is-config="true" signature="getResult(org.testng.ITestResult)[pri:0, instance:com.ae.qa.testcasesWorkflowAdmin.RequestsPageTestWA@60b4beb4]" started-at="2023-02-06T07:34:26Z" name="getResult" finished-at="2023-02-06T07:34:26Z" duration-ms="232" status="PASS">
          <params>
            <param index="0">
              <value>
                <![CDATA[[TestResult name=validateRequestStatusWATest status=SUCCESS method=RequestsPageTestWA.validateRequestStatusWATest(java.lang.reflect.Method)[pri:88, instance:com.ae.qa.testcasesWorkflowAdmin.RequestsPageTestWA@60b4beb4] output=User logged in successfully]]]>
              </value>
            </param>
          </params>
          <reporter-output>
          </reporter-output>
        </test-method> <!-- getResult -->
        <test-method is-config="true" signature="initialization()[pri:0, instance:com.ae.qa.testcasesWorkflowAdmin.RequestsPageTestWA@60b4beb4]" started-at="2023-02-06T07:34:26Z" name="initialization" finished-at="2023-02-06T07:34:37Z" duration-ms="10928" status="PASS">
          <reporter-output>
          </reporter-output>
        </test-method> <!-- initialization -->
        <test-method signature="validateRestartRequestWATest(java.lang.reflect.Method)[pri:89, instance:com.ae.qa.testcasesWorkflowAdmin.RequestsPageTestWA@60b4beb4]" started-at="2023-02-06T07:34:37Z" name="validateRestartRequestWATest" finished-at="2023-02-06T07:34:53Z" duration-ms="15758" status="PASS">
          <params>
            <param index="0">
              <value>
                <![CDATA[public void com.ae.qa.testcasesWorkflowAdmin.RequestsPageTestWA.validateRestartRequestWATest(java.lang.reflect.Method) throws java.lang.Exception]]>
              </value>
            </param>
          </params>
          <reporter-output>
            <line>
              <![CDATA[User logged in successfully]]>
            </line>
            <line>
              <![CDATA[Requests Tab is clicked]]>
            </line>
            <line>
              <![CDATA[Restart icon is clicked]]>
            </line>
            <line>
              <![CDATA[Request Status is Failure So Restart button is visible and clicked]]>
            </line>
            <line>
              <![CDATA[Request [2099] has been restarted]]>
            </line>
            <line>
              <![CDATA[User signed out successfully]]>
            </line>
          </reporter-output>
        </test-method> <!-- validateRestartRequestWATest -->
        <test-method is-config="true" signature="getResult(org.testng.ITestResult)[pri:0, instance:com.ae.qa.testcasesWorkflowAdmin.RequestsPageTestWA@60b4beb4]" started-at="2023-02-06T07:34:53Z" name="getResult" finished-at="2023-02-06T07:34:54Z" duration-ms="711" status="PASS">
          <params>
            <param index="0">
              <value>
                <![CDATA[[TestResult name=validateRestartRequestWATest status=SUCCESS method=RequestsPageTestWA.validateRestartRequestWATest(java.lang.reflect.Method)[pri:89, instance:com.ae.qa.testcasesWorkflowAdmin.RequestsPageTestWA@60b4beb4] output=User logged in successfully]]]>
              </value>
            </param>
          </params>
          <reporter-output>
          </reporter-output>
        </test-method> <!-- getResult -->
        <test-method is-config="true" signature="initialization()[pri:0, instance:com.ae.qa.testcasesWorkflowAdmin.RequestsPageTestWA@60b4beb4]" started-at="2023-02-06T07:34:54Z" name="initialization" finished-at="2023-02-06T07:35:05Z" duration-ms="10867" status="PASS">
          <reporter-output>
          </reporter-output>
        </test-method> <!-- initialization -->
        <test-method signature="validateTerminateRequestWATest(java.lang.reflect.Method)[pri:90, instance:com.ae.qa.testcasesWorkflowAdmin.RequestsPageTestWA@60b4beb4]" started-at="2023-02-06T07:35:05Z" name="validateTerminateRequestWATest" finished-at="2023-02-06T07:37:22Z" duration-ms="137374" status="PASS">
          <params>
            <param index="0">
              <value>
                <![CDATA[public void com.ae.qa.testcasesWorkflowAdmin.RequestsPageTestWA.validateTerminateRequestWATest(java.lang.reflect.Method) throws java.lang.Exception]]>
              </value>
            </param>
          </params>
          <reporter-output>
            <line>
              <![CDATA[User logged in successfully]]>
            </line>
            <line>
              <![CDATA[Workflows Tab is clicked]]>
            </line>
            <line>
              <![CDATA[Import button clicked]]>
            </line>
            <line>
              <![CDATA[Is Assisted Workflow checkbox is unselected]]>
            </line>
            <line>
              <![CDATA[Create Button is clicked]]>
            </line>
            <line>
              <![CDATA[Priority is set]]>
            </line>
            <line>
              <![CDATA[Expected Completion Time in Seconds is set]]>
            </line>
            <line>
              <![CDATA[Maximum Completion Time in Seconds is set]]>
            </line>
            <line>
              <![CDATA[Cleanup Requests older than Hours fields is set]]>
            </line>
            <line>
              <![CDATA[Manual Execution Time is set]]>
            </line>
            <line>
              <![CDATA[Manual Execution time unit is set]]>
            </line>
            <line>
              <![CDATA[Config Parameter is clicked]]>
            </line>
            <line>
              <![CDATA[Config Parameter is entered]]>
            </line>
            <line>
              <![CDATA[Save button is clicked]]>
            </line>
            <line>
              <![CDATA[Workflow updated]]>
            </line>
            <line>
              <![CDATA[Workflow is enabled successfully]]>
            </line>
            <line>
              <![CDATA[User signed out successfully]]>
            </line>
            <line>
              <![CDATA[Tenant Admin signed in successfully]]>
            </line>
            <line>
              <![CDATA[Agents tab is clicked]]>
            </line>
            <line>
              <![CDATA[Workflow Assignment tab is clicked]]>
            </line>
            <line>
              <![CDATA[Edit button is selected]]>
            </line>
            <line>
              <![CDATA[Workflow is searched]]>
            </line>
            <line>
              <![CDATA[Required wf is selected]]>
            </line>
            <line>
              <![CDATA[Saved the operation]]>
            </line>
            <line>
              <![CDATA[Assignment confirmed]]>
            </line>
            <line>
              <![CDATA[Actual Wf Assignment Msg:Assignment saved successfully.]]>
            </line>
            <line>
              <![CDATA[Expected Wf Assignment Msg:Assignment saved successfully.]]>
            </line>
            <line>
              <![CDATA[Single workflow is successfully assigned to default agent]]>
            </line>
            <line>
              <![CDATA[User signed out successfully]]>
            </line>
            <line>
              <![CDATA[User logged in successfully]]>
            </line>
            <line>
              <![CDATA[Catalogue Tab is clicked]]>
            </line>
            <line>
              <![CDATA[Workflow whose request needs to be send is selected]]>
            </line>
            <line>
              <![CDATA[Submit request button is clicked]]>
            </line>
            <line>
              <![CDATA[OK button is clicked]]>
            </line>
            <line>
              <![CDATA[Requests Tab is clicked]]>
            </line>
            <line>
              <![CDATA[Request Status is ExecutionStarted So Terminate button is visible and clicked]]>
            </line>
            <line>
              <![CDATA[Request [2100] termination has been initiated]]>
            </line>
            <line>
              <![CDATA[User signed out successfully]]>
            </line>
          </reporter-output>
        </test-method> <!-- validateTerminateRequestWATest -->
        <test-method is-config="true" signature="getResult(org.testng.ITestResult)[pri:0, instance:com.ae.qa.testcasesWorkflowAdmin.RequestsPageTestWA@60b4beb4]" started-at="2023-02-06T07:37:22Z" name="getResult" finished-at="2023-02-06T07:37:23Z" duration-ms="1284" status="PASS">
          <params>
            <param index="0">
              <value>
                <![CDATA[[TestResult name=validateTerminateRequestWATest status=SUCCESS method=RequestsPageTestWA.validateTerminateRequestWATest(java.lang.reflect.Method)[pri:90, instance:com.ae.qa.testcasesWorkflowAdmin.RequestsPageTestWA@60b4beb4] output=User logged in successfully]]]>
              </value>
            </param>
          </params>
          <reporter-output>
          </reporter-output>
        </test-method> <!-- getResult -->
      </class> <!-- com.ae.qa.testcasesWorkflowAdmin.RequestsPageTestWA -->
    </test> <!-- AESanity -->
  </suite> <!-- TestSuite -->
</testng-results>
